[2024-10-21T22:08:44.851+0000] {local_task_job_runner.py:123} INFO - ::group::Pre task execution logs
[2024-10-21T22:08:44.858+0000] {taskinstance.py:2612} INFO - Dependencies all met for dep_context=non-requeueable deps ti=<TaskInstance: newsapi_etl_with_spark.spark_submit_task scheduled__2024-10-20T00:00:00+00:00 [queued]>
[2024-10-21T22:08:44.862+0000] {taskinstance.py:2612} INFO - Dependencies all met for dep_context=requeueable deps ti=<TaskInstance: newsapi_etl_with_spark.spark_submit_task scheduled__2024-10-20T00:00:00+00:00 [queued]>
[2024-10-21T22:08:44.862+0000] {taskinstance.py:2865} INFO - Starting attempt 1 of 2
[2024-10-21T22:08:44.868+0000] {taskinstance.py:2888} INFO - Executing <Task(SparkSubmitOperator): spark_submit_task> on 2024-10-20 00:00:00+00:00
[2024-10-21T22:08:44.870+0000] {standard_task_runner.py:72} INFO - Started process 177 to run task
[2024-10-21T22:08:44.872+0000] {standard_task_runner.py:104} INFO - Running: ['***', 'tasks', 'run', 'newsapi_etl_with_spark', 'spark_submit_task', 'scheduled__2024-10-20T00:00:00+00:00', '--job-id', '32', '--raw', '--subdir', 'DAGS_FOLDER/newsapi_etl_pipeline.py', '--cfg-path', '/tmp/tmpmq4rc8dn']
[2024-10-21T22:08:44.873+0000] {standard_task_runner.py:105} INFO - Job 32: Subtask spark_submit_task
[2024-10-21T22:08:44.891+0000] {task_command.py:467} INFO - Running <TaskInstance: newsapi_etl_with_spark.spark_submit_task scheduled__2024-10-20T00:00:00+00:00 [running]> on host 17bb0edcf65f
[2024-10-21T22:08:44.929+0000] {taskinstance.py:3131} INFO - Exporting env vars: AIRFLOW_CTX_DAG_OWNER='***' AIRFLOW_CTX_DAG_ID='newsapi_etl_with_spark' AIRFLOW_CTX_TASK_ID='spark_submit_task' AIRFLOW_CTX_EXECUTION_DATE='2024-10-20T00:00:00+00:00' AIRFLOW_CTX_TRY_NUMBER='1' AIRFLOW_CTX_DAG_RUN_ID='scheduled__2024-10-20T00:00:00+00:00'
[2024-10-21T22:08:44.930+0000] {taskinstance.py:731} INFO - ::endgroup::
[2024-10-21T22:08:44.934+0000] {base.py:84} INFO - Retrieving connection 'spark_conn'
[2024-10-21T22:08:44.935+0000] {spark_submit.py:473} INFO - Spark-Submit cmd: spark-submit --master spark://spark-master:7077 --conf spark.ui.port=4050 --conf spark.executor.instances=3 --conf spark.executor.memory=5g --conf spark.executor.cores=2 --conf spark.driver.memory=4g --conf spark.driver.cores=2 --conf spark.default.parallelism=12 --conf spark.serializer=org.apache.spark.serializer.KryoSerializer --conf spark.sql.shuffle.partitions=12 --conf spark.dynamicAllocation.enabled=true --conf spark.dynamicAllocation.minExecutors=3 --conf spark.dynamicAllocation.maxExecutors=6 --conf spark.executor.memoryOverhead=1024m --name LDA_Job --verbose --deploy-mode client /opt/***/scripts/news_processing.py
[2024-10-21T22:08:45.466+0000] {spark_submit.py:649} INFO - Using properties file: null
[2024-10-21T22:08:45.516+0000] {spark_submit.py:649} INFO - Parsed arguments:
[2024-10-21T22:08:45.517+0000] {spark_submit.py:649} INFO - master                  spark://spark-master:7077
[2024-10-21T22:08:45.517+0000] {spark_submit.py:649} INFO - remote                  null
[2024-10-21T22:08:45.517+0000] {spark_submit.py:649} INFO - deployMode              client
[2024-10-21T22:08:45.517+0000] {spark_submit.py:649} INFO - executorMemory          5g
[2024-10-21T22:08:45.518+0000] {spark_submit.py:649} INFO - executorCores           2
[2024-10-21T22:08:45.518+0000] {spark_submit.py:649} INFO - totalExecutorCores      null
[2024-10-21T22:08:45.518+0000] {spark_submit.py:649} INFO - propertiesFile          null
[2024-10-21T22:08:45.518+0000] {spark_submit.py:649} INFO - driverMemory            4g
[2024-10-21T22:08:45.518+0000] {spark_submit.py:649} INFO - driverCores             2
[2024-10-21T22:08:45.518+0000] {spark_submit.py:649} INFO - driverExtraClassPath    null
[2024-10-21T22:08:45.518+0000] {spark_submit.py:649} INFO - driverExtraLibraryPath  null
[2024-10-21T22:08:45.519+0000] {spark_submit.py:649} INFO - driverExtraJavaOptions  null
[2024-10-21T22:08:45.519+0000] {spark_submit.py:649} INFO - supervise               false
[2024-10-21T22:08:45.519+0000] {spark_submit.py:649} INFO - queue                   null
[2024-10-21T22:08:45.519+0000] {spark_submit.py:649} INFO - numExecutors            3
[2024-10-21T22:08:45.519+0000] {spark_submit.py:649} INFO - files                   null
[2024-10-21T22:08:45.520+0000] {spark_submit.py:649} INFO - pyFiles                 null
[2024-10-21T22:08:45.520+0000] {spark_submit.py:649} INFO - archives                null
[2024-10-21T22:08:45.520+0000] {spark_submit.py:649} INFO - mainClass               null
[2024-10-21T22:08:45.520+0000] {spark_submit.py:649} INFO - primaryResource         file:/opt/***/scripts/news_processing.py
[2024-10-21T22:08:45.520+0000] {spark_submit.py:649} INFO - name                    LDA_Job
[2024-10-21T22:08:45.521+0000] {spark_submit.py:649} INFO - childArgs               []
[2024-10-21T22:08:45.521+0000] {spark_submit.py:649} INFO - jars                    null
[2024-10-21T22:08:45.521+0000] {spark_submit.py:649} INFO - packages                null
[2024-10-21T22:08:45.521+0000] {spark_submit.py:649} INFO - packagesExclusions      null
[2024-10-21T22:08:45.521+0000] {spark_submit.py:649} INFO - repositories            null
[2024-10-21T22:08:45.521+0000] {spark_submit.py:649} INFO - verbose                 true
[2024-10-21T22:08:45.522+0000] {spark_submit.py:649} INFO - 
[2024-10-21T22:08:45.522+0000] {spark_submit.py:649} INFO - Spark properties used, including those specified through
[2024-10-21T22:08:45.522+0000] {spark_submit.py:649} INFO - --conf and those from the properties file null:
[2024-10-21T22:08:45.522+0000] {spark_submit.py:649} INFO - (spark.default.parallelism,12)
[2024-10-21T22:08:45.522+0000] {spark_submit.py:649} INFO - (spark.driver.cores,2)
[2024-10-21T22:08:45.523+0000] {spark_submit.py:649} INFO - (spark.driver.memory,4g)
[2024-10-21T22:08:45.523+0000] {spark_submit.py:649} INFO - (spark.dynamicAllocation.enabled,true)
[2024-10-21T22:08:45.523+0000] {spark_submit.py:649} INFO - (spark.dynamicAllocation.maxExecutors,6)
[2024-10-21T22:08:45.523+0000] {spark_submit.py:649} INFO - (spark.dynamicAllocation.minExecutors,3)
[2024-10-21T22:08:45.523+0000] {spark_submit.py:649} INFO - (spark.executor.cores,2)
[2024-10-21T22:08:45.524+0000] {spark_submit.py:649} INFO - (spark.executor.instances,3)
[2024-10-21T22:08:45.524+0000] {spark_submit.py:649} INFO - (spark.executor.memory,5g)
[2024-10-21T22:08:45.524+0000] {spark_submit.py:649} INFO - (spark.executor.memoryOverhead,1024m)
[2024-10-21T22:08:45.524+0000] {spark_submit.py:649} INFO - (spark.serializer,org.apache.spark.serializer.KryoSerializer)
[2024-10-21T22:08:45.524+0000] {spark_submit.py:649} INFO - (spark.sql.shuffle.partitions,12)
[2024-10-21T22:08:45.524+0000] {spark_submit.py:649} INFO - (spark.ui.port,4050)
[2024-10-21T22:08:45.524+0000] {spark_submit.py:649} INFO - 
[2024-10-21T22:08:45.524+0000] {spark_submit.py:649} INFO - 
[2024-10-21T22:08:45.624+0000] {spark_submit.py:649} INFO - Main class:
[2024-10-21T22:08:45.625+0000] {spark_submit.py:649} INFO - org.apache.spark.deploy.PythonRunner
[2024-10-21T22:08:45.625+0000] {spark_submit.py:649} INFO - Arguments:
[2024-10-21T22:08:45.625+0000] {spark_submit.py:649} INFO - file:/opt/***/scripts/news_processing.py
[2024-10-21T22:08:45.625+0000] {spark_submit.py:649} INFO - null
[2024-10-21T22:08:45.626+0000] {spark_submit.py:649} INFO - Spark config:
[2024-10-21T22:08:45.626+0000] {spark_submit.py:649} INFO - (spark.app.name,LDA_Job)
[2024-10-21T22:08:45.626+0000] {spark_submit.py:649} INFO - (spark.app.submitTime,1729548525616)
[2024-10-21T22:08:45.627+0000] {spark_submit.py:649} INFO - (spark.default.parallelism,12)
[2024-10-21T22:08:45.627+0000] {spark_submit.py:649} INFO - (spark.driver.cores,2)
[2024-10-21T22:08:45.627+0000] {spark_submit.py:649} INFO - (spark.driver.memory,4g)
[2024-10-21T22:08:45.627+0000] {spark_submit.py:649} INFO - (spark.dynamicAllocation.enabled,true)
[2024-10-21T22:08:45.627+0000] {spark_submit.py:649} INFO - (spark.dynamicAllocation.maxExecutors,6)
[2024-10-21T22:08:45.627+0000] {spark_submit.py:649} INFO - (spark.dynamicAllocation.minExecutors,3)
[2024-10-21T22:08:45.628+0000] {spark_submit.py:649} INFO - (spark.executor.cores,2)
[2024-10-21T22:08:45.628+0000] {spark_submit.py:649} INFO - (spark.executor.instances,3)
[2024-10-21T22:08:45.628+0000] {spark_submit.py:649} INFO - (spark.executor.memory,5g)
[2024-10-21T22:08:45.628+0000] {spark_submit.py:649} INFO - (spark.executor.memoryOverhead,1024m)
[2024-10-21T22:08:45.628+0000] {spark_submit.py:649} INFO - (spark.master,spark://spark-master:7077)
[2024-10-21T22:08:45.629+0000] {spark_submit.py:649} INFO - (spark.serializer,org.apache.spark.serializer.KryoSerializer)
[2024-10-21T22:08:45.629+0000] {spark_submit.py:649} INFO - (spark.sql.shuffle.partitions,12)
[2024-10-21T22:08:45.629+0000] {spark_submit.py:649} INFO - (spark.submit.deployMode,client)
[2024-10-21T22:08:45.629+0000] {spark_submit.py:649} INFO - (spark.submit.pyFiles,)
[2024-10-21T22:08:45.629+0000] {spark_submit.py:649} INFO - (spark.ui.port,4050)
[2024-10-21T22:08:45.629+0000] {spark_submit.py:649} INFO - Classpath elements:
[2024-10-21T22:08:45.629+0000] {spark_submit.py:649} INFO - 
[2024-10-21T22:08:45.630+0000] {spark_submit.py:649} INFO - 
[2024-10-21T22:08:45.630+0000] {spark_submit.py:649} INFO - 
[2024-10-21T22:08:46.352+0000] {spark_submit.py:649} INFO - 24/10/21 22:08:46 INFO SparkContext: Running Spark version 3.5.3
[2024-10-21T22:08:46.353+0000] {spark_submit.py:649} INFO - 24/10/21 22:08:46 INFO SparkContext: OS info Linux, 6.6.22-linuxkit, aarch64
[2024-10-21T22:08:46.353+0000] {spark_submit.py:649} INFO - 24/10/21 22:08:46 INFO SparkContext: Java version 17.0.13
[2024-10-21T22:08:46.379+0000] {spark_submit.py:649} INFO - 24/10/21 22:08:46 WARN NativeCodeLoader: Unable to load native-hadoop library for your platform... using builtin-java classes where applicable
[2024-10-21T22:08:46.418+0000] {spark_submit.py:649} INFO - 24/10/21 22:08:46 INFO ResourceUtils: ==============================================================
[2024-10-21T22:08:46.418+0000] {spark_submit.py:649} INFO - 24/10/21 22:08:46 INFO ResourceUtils: No custom resources configured for spark.driver.
[2024-10-21T22:08:46.418+0000] {spark_submit.py:649} INFO - 24/10/21 22:08:46 INFO ResourceUtils: ==============================================================
[2024-10-21T22:08:46.419+0000] {spark_submit.py:649} INFO - 24/10/21 22:08:46 INFO SparkContext: Submitted application: LDA News Topic Modeling
[2024-10-21T22:08:46.427+0000] {spark_submit.py:649} INFO - 24/10/21 22:08:46 INFO ResourceProfile: Default ResourceProfile created, executor resources: Map(memoryOverhead -> name: memoryOverhead, amount: 1024, script: , vendor: , cores -> name: cores, amount: 2, script: , vendor: , memory -> name: memory, amount: 5120, script: , vendor: , offHeap -> name: offHeap, amount: 0, script: , vendor: ), task resources: Map(cpus -> name: cpus, amount: 1.0)
[2024-10-21T22:08:46.431+0000] {spark_submit.py:649} INFO - 24/10/21 22:08:46 INFO ResourceProfile: Limiting resource is cpus at 2 tasks per executor
[2024-10-21T22:08:46.432+0000] {spark_submit.py:649} INFO - 24/10/21 22:08:46 INFO ResourceProfileManager: Added ResourceProfile id: 0
[2024-10-21T22:08:46.454+0000] {spark_submit.py:649} INFO - 24/10/21 22:08:46 INFO SecurityManager: Changing view acls to: ***
[2024-10-21T22:08:46.454+0000] {spark_submit.py:649} INFO - 24/10/21 22:08:46 INFO SecurityManager: Changing modify acls to: ***
[2024-10-21T22:08:46.455+0000] {spark_submit.py:649} INFO - 24/10/21 22:08:46 INFO SecurityManager: Changing view acls groups to:
[2024-10-21T22:08:46.455+0000] {spark_submit.py:649} INFO - 24/10/21 22:08:46 INFO SecurityManager: Changing modify acls groups to:
[2024-10-21T22:08:46.455+0000] {spark_submit.py:649} INFO - 24/10/21 22:08:46 INFO SecurityManager: SecurityManager: authentication disabled; ui acls disabled; users with view permissions: ***; groups with view permissions: EMPTY; users with modify permissions: ***; groups with modify permissions: EMPTY
[2024-10-21T22:08:46.546+0000] {spark_submit.py:649} INFO - 24/10/21 22:08:46 INFO Utils: Successfully started service 'sparkDriver' on port 36781.
[2024-10-21T22:08:46.558+0000] {spark_submit.py:649} INFO - 24/10/21 22:08:46 INFO SparkEnv: Registering MapOutputTracker
[2024-10-21T22:08:46.573+0000] {spark_submit.py:649} INFO - 24/10/21 22:08:46 INFO SparkEnv: Registering BlockManagerMaster
[2024-10-21T22:08:46.584+0000] {spark_submit.py:649} INFO - 24/10/21 22:08:46 INFO BlockManagerMasterEndpoint: Using org.apache.spark.storage.DefaultTopologyMapper for getting topology information
[2024-10-21T22:08:46.585+0000] {spark_submit.py:649} INFO - 24/10/21 22:08:46 INFO BlockManagerMasterEndpoint: BlockManagerMasterEndpoint up
[2024-10-21T22:08:46.586+0000] {spark_submit.py:649} INFO - 24/10/21 22:08:46 INFO SparkEnv: Registering BlockManagerMasterHeartbeat
[2024-10-21T22:08:46.600+0000] {spark_submit.py:649} INFO - 24/10/21 22:08:46 INFO DiskBlockManager: Created local directory at /tmp/blockmgr-c6332371-59ee-4ad2-813d-149e427cdf11
[2024-10-21T22:08:46.605+0000] {spark_submit.py:649} INFO - 24/10/21 22:08:46 INFO MemoryStore: MemoryStore started with capacity 2.2 GiB
[2024-10-21T22:08:46.612+0000] {spark_submit.py:649} INFO - 24/10/21 22:08:46 INFO SparkEnv: Registering OutputCommitCoordinator
[2024-10-21T22:08:46.668+0000] {spark_submit.py:649} INFO - 24/10/21 22:08:46 INFO JettyUtils: Start Jetty 0.0.0.0:4050 for SparkUI
[2024-10-21T22:08:46.695+0000] {spark_submit.py:649} INFO - 24/10/21 22:08:46 INFO Utils: Successfully started service 'SparkUI' on port 4050.
[2024-10-21T22:08:46.750+0000] {spark_submit.py:649} INFO - 24/10/21 22:08:46 INFO StandaloneAppClient$ClientEndpoint: Connecting to master spark://spark-master:7077...
[2024-10-21T22:08:46.770+0000] {spark_submit.py:649} INFO - 24/10/21 22:08:46 INFO TransportClientFactory: Successfully created connection to spark-master/172.19.0.4:7077 after 11 ms (0 ms spent in bootstraps)
[2024-10-21T22:08:46.833+0000] {spark_submit.py:649} INFO - 24/10/21 22:08:46 INFO StandaloneSchedulerBackend: Connected to Spark cluster with app ID app-20241021220846-0000
[2024-10-21T22:08:46.836+0000] {spark_submit.py:649} INFO - 24/10/21 22:08:46 INFO Utils: Successfully started service 'org.apache.spark.network.netty.NettyBlockTransferService' on port 45457.
[2024-10-21T22:08:46.837+0000] {spark_submit.py:649} INFO - 24/10/21 22:08:46 INFO NettyBlockTransferService: Server created on 17bb0edcf65f:45457
[2024-10-21T22:08:46.837+0000] {spark_submit.py:649} INFO - 24/10/21 22:08:46 INFO BlockManager: Using org.apache.spark.storage.RandomBlockReplicationPolicy for block replication policy
[2024-10-21T22:08:46.840+0000] {spark_submit.py:649} INFO - 24/10/21 22:08:46 INFO BlockManagerMaster: Registering BlockManager BlockManagerId(driver, 17bb0edcf65f, 45457, None)
[2024-10-21T22:08:46.841+0000] {spark_submit.py:649} INFO - 24/10/21 22:08:46 INFO BlockManagerMasterEndpoint: Registering block manager 17bb0edcf65f:45457 with 2.2 GiB RAM, BlockManagerId(driver, 17bb0edcf65f, 45457, None)
[2024-10-21T22:08:46.842+0000] {spark_submit.py:649} INFO - 24/10/21 22:08:46 INFO BlockManagerMaster: Registered BlockManager BlockManagerId(driver, 17bb0edcf65f, 45457, None)
[2024-10-21T22:08:46.843+0000] {spark_submit.py:649} INFO - 24/10/21 22:08:46 INFO BlockManager: Initialized BlockManager: BlockManagerId(driver, 17bb0edcf65f, 45457, None)
[2024-10-21T22:08:46.895+0000] {spark_submit.py:649} INFO - 24/10/21 22:08:46 INFO Utils: Using initial executors = 3, max of spark.dynamicAllocation.initialExecutors, spark.dynamicAllocation.minExecutors and spark.executor.instances
[2024-10-21T22:08:46.895+0000] {spark_submit.py:649} INFO - 24/10/21 22:08:46 INFO ExecutorAllocationManager: Dynamic allocation is enabled without a shuffle service.
[2024-10-21T22:08:46.918+0000] {spark_submit.py:649} INFO - 24/10/21 22:08:46 INFO StandaloneAppClient$ClientEndpoint: Executor added: app-20241021220846-0000/0 on worker-20241021220759-172.19.0.6-44775 (172.19.0.6:44775) with 2 core(s)
[2024-10-21T22:08:46.920+0000] {spark_submit.py:649} INFO - 24/10/21 22:08:46 INFO StandaloneSchedulerBackend: Granted executor ID app-20241021220846-0000/0 on hostPort 172.19.0.6:44775 with 2 core(s), 5.0 GiB RAM
[2024-10-21T22:08:46.920+0000] {spark_submit.py:649} INFO - 24/10/21 22:08:46 INFO StandaloneAppClient$ClientEndpoint: Executor added: app-20241021220846-0000/1 on worker-20241021220759-172.19.0.6-44775 (172.19.0.6:44775) with 2 core(s)
[2024-10-21T22:08:46.921+0000] {spark_submit.py:649} INFO - 24/10/21 22:08:46 INFO StandaloneSchedulerBackend: Granted executor ID app-20241021220846-0000/1 on hostPort 172.19.0.6:44775 with 2 core(s), 5.0 GiB RAM
[2024-10-21T22:08:46.921+0000] {spark_submit.py:649} INFO - 24/10/21 22:08:46 INFO StandaloneAppClient$ClientEndpoint: Executor added: app-20241021220846-0000/2 on worker-20241021220759-172.19.0.6-44775 (172.19.0.6:44775) with 2 core(s)
[2024-10-21T22:08:46.921+0000] {spark_submit.py:649} INFO - 24/10/21 22:08:46 INFO StandaloneSchedulerBackend: Granted executor ID app-20241021220846-0000/2 on hostPort 172.19.0.6:44775 with 2 core(s), 5.0 GiB RAM
[2024-10-21T22:08:46.948+0000] {spark_submit.py:649} INFO - 24/10/21 22:08:46 INFO StandaloneSchedulerBackend: SchedulerBackend is ready for scheduling beginning after reached minRegisteredResourcesRatio: 0.0
[2024-10-21T22:08:47.002+0000] {spark_submit.py:649} INFO - 24/10/21 22:08:47 INFO StandaloneAppClient$ClientEndpoint: Executor updated: app-20241021220846-0000/0 is now RUNNING
[2024-10-21T22:08:47.005+0000] {spark_submit.py:649} INFO - 24/10/21 22:08:47 INFO StandaloneAppClient$ClientEndpoint: Executor updated: app-20241021220846-0000/2 is now RUNNING
[2024-10-21T22:08:47.008+0000] {spark_submit.py:649} INFO - 24/10/21 22:08:47 INFO StandaloneAppClient$ClientEndpoint: Executor updated: app-20241021220846-0000/1 is now RUNNING
[2024-10-21T22:08:47.038+0000] {spark_submit.py:649} INFO - INFO:__main__:Spark session initialized.
[2024-10-21T22:08:47.042+0000] {spark_submit.py:649} INFO - INFO:__main__:Reading articles from: /opt/***/data/news_articles.json
[2024-10-21T22:08:47.081+0000] {spark_submit.py:649} INFO - 24/10/21 22:08:47 INFO SharedState: Setting hive.metastore.warehouse.dir ('null') to the value of spark.sql.warehouse.dir.
[2024-10-21T22:08:47.082+0000] {spark_submit.py:649} INFO - 24/10/21 22:08:47 INFO SharedState: Warehouse path is 'file:/opt/***/spark-warehouse'.
[2024-10-21T22:08:47.525+0000] {spark_submit.py:649} INFO - 24/10/21 22:08:47 INFO InMemoryFileIndex: It took 23 ms to list leaf files for 1 paths.
[2024-10-21T22:08:47.563+0000] {spark_submit.py:649} INFO - 24/10/21 22:08:47 INFO InMemoryFileIndex: It took 1 ms to list leaf files for 1 paths.
[2024-10-21T22:08:48.534+0000] {spark_submit.py:649} INFO - 24/10/21 22:08:48 INFO StandaloneSchedulerBackend$StandaloneDriverEndpoint: Registered executor NettyRpcEndpointRef(spark-client://Executor) (172.19.0.6:39134) with ID 2,  ResourceProfileId 0
[2024-10-21T22:08:48.542+0000] {spark_submit.py:649} INFO - 24/10/21 22:08:48 INFO ExecutorMonitor: New executor 2 has registered (new total is 1)
[2024-10-21T22:08:48.543+0000] {spark_submit.py:649} INFO - 24/10/21 22:08:48 INFO StandaloneSchedulerBackend$StandaloneDriverEndpoint: Registered executor NettyRpcEndpointRef(spark-client://Executor) (172.19.0.6:39148) with ID 1,  ResourceProfileId 0
[2024-10-21T22:08:48.547+0000] {spark_submit.py:649} INFO - 24/10/21 22:08:48 INFO ExecutorMonitor: New executor 1 has registered (new total is 2)
[2024-10-21T22:08:48.557+0000] {spark_submit.py:649} INFO - 24/10/21 22:08:48 INFO StandaloneSchedulerBackend$StandaloneDriverEndpoint: Registered executor NettyRpcEndpointRef(spark-client://Executor) (172.19.0.6:39120) with ID 0,  ResourceProfileId 0
[2024-10-21T22:08:48.559+0000] {spark_submit.py:649} INFO - 24/10/21 22:08:48 INFO ExecutorMonitor: New executor 0 has registered (new total is 3)
[2024-10-21T22:08:48.590+0000] {spark_submit.py:649} INFO - 24/10/21 22:08:48 INFO BlockManagerMasterEndpoint: Registering block manager 172.19.0.6:40967 with 2.8 GiB RAM, BlockManagerId(2, 172.19.0.6, 40967, None)
[2024-10-21T22:08:48.598+0000] {spark_submit.py:649} INFO - 24/10/21 22:08:48 INFO BlockManagerMasterEndpoint: Registering block manager 172.19.0.6:44807 with 2.8 GiB RAM, BlockManagerId(1, 172.19.0.6, 44807, None)
[2024-10-21T22:08:48.608+0000] {spark_submit.py:649} INFO - 24/10/21 22:08:48 INFO BlockManagerMasterEndpoint: Registering block manager 172.19.0.6:37575 with 2.8 GiB RAM, BlockManagerId(0, 172.19.0.6, 37575, None)
[2024-10-21T22:08:48.818+0000] {spark_submit.py:649} INFO - 24/10/21 22:08:48 INFO FileSourceStrategy: Pushed Filters:
[2024-10-21T22:08:48.819+0000] {spark_submit.py:649} INFO - 24/10/21 22:08:48 INFO FileSourceStrategy: Post-Scan Filters:
[2024-10-21T22:08:48.927+0000] {spark_submit.py:649} INFO - 24/10/21 22:08:48 INFO MemoryStore: Block broadcast_0 stored as values in memory (estimated size 201.4 KiB, free 2.2 GiB)
[2024-10-21T22:08:49.032+0000] {spark_submit.py:649} INFO - 24/10/21 22:08:49 INFO MemoryStore: Block broadcast_0_piece0 stored as bytes in memory (estimated size 34.7 KiB, free 2.2 GiB)
[2024-10-21T22:08:49.035+0000] {spark_submit.py:649} INFO - 24/10/21 22:08:49 INFO BlockManagerInfo: Added broadcast_0_piece0 in memory on 17bb0edcf65f:45457 (size: 34.7 KiB, free: 2.2 GiB)
[2024-10-21T22:08:49.036+0000] {spark_submit.py:649} INFO - 24/10/21 22:08:49 INFO SparkContext: Created broadcast 0 from json at NativeMethodAccessorImpl.java:0
[2024-10-21T22:08:49.040+0000] {spark_submit.py:649} INFO - 24/10/21 22:08:49 INFO FileSourceScanExec: Planning scan with bin packing, max size: 4194304 bytes, open cost is considered as scanning 4194304 bytes.
[2024-10-21T22:08:49.108+0000] {spark_submit.py:649} INFO - 24/10/21 22:08:49 INFO SparkContext: Starting job: json at NativeMethodAccessorImpl.java:0
[2024-10-21T22:08:49.120+0000] {spark_submit.py:649} INFO - 24/10/21 22:08:49 INFO DAGScheduler: Got job 0 (json at NativeMethodAccessorImpl.java:0) with 1 output partitions
[2024-10-21T22:08:49.120+0000] {spark_submit.py:649} INFO - 24/10/21 22:08:49 INFO DAGScheduler: Final stage: ResultStage 0 (json at NativeMethodAccessorImpl.java:0)
[2024-10-21T22:08:49.120+0000] {spark_submit.py:649} INFO - 24/10/21 22:08:49 INFO DAGScheduler: Parents of final stage: List()
[2024-10-21T22:08:49.120+0000] {spark_submit.py:649} INFO - 24/10/21 22:08:49 INFO DAGScheduler: Missing parents: List()
[2024-10-21T22:08:49.122+0000] {spark_submit.py:649} INFO - 24/10/21 22:08:49 INFO DAGScheduler: Submitting ResultStage 0 (MapPartitionsRDD[3] at json at NativeMethodAccessorImpl.java:0), which has no missing parents
[2024-10-21T22:08:49.162+0000] {spark_submit.py:649} INFO - 24/10/21 22:08:49 INFO MemoryStore: Block broadcast_1 stored as values in memory (estimated size 16.6 KiB, free 2.2 GiB)
[2024-10-21T22:08:49.164+0000] {spark_submit.py:649} INFO - 24/10/21 22:08:49 INFO MemoryStore: Block broadcast_1_piece0 stored as bytes in memory (estimated size 7.8 KiB, free 2.2 GiB)
[2024-10-21T22:08:49.165+0000] {spark_submit.py:649} INFO - 24/10/21 22:08:49 INFO BlockManagerInfo: Added broadcast_1_piece0 in memory on 17bb0edcf65f:45457 (size: 7.8 KiB, free: 2.2 GiB)
[2024-10-21T22:08:49.165+0000] {spark_submit.py:649} INFO - 24/10/21 22:08:49 INFO SparkContext: Created broadcast 1 from broadcast at DAGScheduler.scala:1585
[2024-10-21T22:08:49.172+0000] {spark_submit.py:649} INFO - 24/10/21 22:08:49 INFO DAGScheduler: Submitting 1 missing tasks from ResultStage 0 (MapPartitionsRDD[3] at json at NativeMethodAccessorImpl.java:0) (first 15 tasks are for partitions Vector(0))
[2024-10-21T22:08:49.173+0000] {spark_submit.py:649} INFO - 24/10/21 22:08:49 INFO TaskSchedulerImpl: Adding task set 0.0 with 1 tasks resource profile 0
[2024-10-21T22:08:49.184+0000] {spark_submit.py:649} INFO - 24/10/21 22:08:49 INFO TaskSetManager: Starting task 0.0 in stage 0.0 (TID 0) (172.19.0.6, executor 2, partition 0, PROCESS_LOCAL, 9609 bytes)
[2024-10-21T22:08:54.932+0000] {local_task_job_runner.py:346} WARNING - State of this instance has been externally set to None. Terminating instance.
[2024-10-21T22:08:54.940+0000] {local_task_job_runner.py:245} INFO - ::endgroup::
[2024-10-21T22:08:54.941+0000] {process_utils.py:132} INFO - Sending 15 to group 177. PIDs of all processes in the group: [179, 237, 177]
[2024-10-21T22:08:54.942+0000] {process_utils.py:87} INFO - Sending the signal 15 to group 177
[2024-10-21T22:08:54.943+0000] {taskinstance.py:3092} ERROR - Received SIGTERM. Terminating subprocesses.
[2024-10-21T22:08:54.944+0000] {spark_submit.py:775} INFO - Sending kill signal to spark-submit
[2024-10-21T22:08:54.972+0000] {taskinstance.py:3310} ERROR - Task failed with exception
Traceback (most recent call last):
  File "/home/airflow/.local/lib/python3.8/site-packages/airflow/models/taskinstance.py", line 762, in _execute_task
    result = _execute_callable(context=context, **execute_callable_kwargs)
  File "/home/airflow/.local/lib/python3.8/site-packages/airflow/models/taskinstance.py", line 733, in _execute_callable
    return ExecutionCallableRunner(
  File "/home/airflow/.local/lib/python3.8/site-packages/airflow/utils/operator_helpers.py", line 252, in run
    return self.func(*args, **kwargs)
  File "/home/airflow/.local/lib/python3.8/site-packages/airflow/models/baseoperator.py", line 406, in wrapper
    return func(self, *args, **kwargs)
  File "/home/airflow/.local/lib/python3.8/site-packages/airflow/providers/apache/spark/operators/spark_submit.py", line 176, in execute
    self._hook.submit(self.application)
  File "/home/airflow/.local/lib/python3.8/site-packages/airflow/providers/apache/spark/hooks/spark_submit.py", line 563, in submit
    self._process_spark_submit_log(iter(self._submit_sp.stdout))  # type: ignore
  File "/home/airflow/.local/lib/python3.8/site-packages/airflow/providers/apache/spark/hooks/spark_submit.py", line 612, in _process_spark_submit_log
    for line in itr:
  File "/home/airflow/.local/lib/python3.8/site-packages/airflow/models/taskinstance.py", line 3094, in signal_handler
    raise AirflowTaskTerminated("Task received SIGTERM signal")
airflow.exceptions.AirflowTaskTerminated: Task received SIGTERM signal
[2024-10-21T22:08:54.984+0000] {taskinstance.py:1225} INFO - Marking task as UP_FOR_RETRY. dag_id=newsapi_etl_with_spark, task_id=spark_submit_task, run_id=scheduled__2024-10-20T00:00:00+00:00, execution_date=20241020T000000, start_date=20241021T220844, end_date=20241021T220854
[2024-10-21T22:08:55.020+0000] {taskinstance.py:340} INFO - ::group::Post task execution logs
[2024-10-21T22:08:55.022+0000] {standard_task_runner.py:124} ERROR - Failed to execute job 32 for task spark_submit_task ((pymysql.err.IntegrityError) (1452, 'Cannot add or update a child row: a foreign key constraint fails (`***_db`.`task_fail`, CONSTRAINT `task_fail_ti_fkey` FOREIGN KEY (`dag_id`, `task_id`, `run_id`, `map_index`) REFERENCES `task_instance` (`dag_id`, `task_id`, `run_id`, `map_index`) ON DEL)')
[SQL: INSERT INTO task_fail (task_id, dag_id, run_id, map_index, start_date, end_date, duration) VALUES (%(task_id)s, %(dag_id)s, %(run_id)s, %(map_index)s, %(start_date)s, %(end_date)s, %(duration)s)]
[parameters: {'task_id': 'spark_submit_task', 'dag_id': 'newsapi_etl_with_spark', 'run_id': 'scheduled__2024-10-20T00:00:00+00:00', 'map_index': -1, 'start_date': datetime.datetime(2024, 10, 21, 22, 8, 44, 858614), 'end_date': datetime.datetime(2024, 10, 21, 22, 8, 54, 980706), 'duration': 10}]
(Background on this error at: https://sqlalche.me/e/14/gkpj); 177)
Traceback (most recent call last):
  File "/home/airflow/.local/lib/python3.8/site-packages/airflow/models/taskinstance.py", line 273, in _run_raw_task
    TaskInstance._execute_task_with_callbacks(
  File "/home/airflow/.local/lib/python3.8/site-packages/airflow/models/taskinstance.py", line 3158, in _execute_task_with_callbacks
    result = self._execute_task(context, task_orig)
  File "/home/airflow/.local/lib/python3.8/site-packages/airflow/models/taskinstance.py", line 3182, in _execute_task
    return _execute_task(self, context, task_orig)
  File "/home/airflow/.local/lib/python3.8/site-packages/airflow/models/taskinstance.py", line 762, in _execute_task
    result = _execute_callable(context=context, **execute_callable_kwargs)
  File "/home/airflow/.local/lib/python3.8/site-packages/airflow/models/taskinstance.py", line 733, in _execute_callable
    return ExecutionCallableRunner(
  File "/home/airflow/.local/lib/python3.8/site-packages/airflow/utils/operator_helpers.py", line 252, in run
    return self.func(*args, **kwargs)
  File "/home/airflow/.local/lib/python3.8/site-packages/airflow/models/baseoperator.py", line 406, in wrapper
    return func(self, *args, **kwargs)
  File "/home/airflow/.local/lib/python3.8/site-packages/airflow/providers/apache/spark/operators/spark_submit.py", line 176, in execute
    self._hook.submit(self.application)
  File "/home/airflow/.local/lib/python3.8/site-packages/airflow/providers/apache/spark/hooks/spark_submit.py", line 563, in submit
    self._process_spark_submit_log(iter(self._submit_sp.stdout))  # type: ignore
  File "/home/airflow/.local/lib/python3.8/site-packages/airflow/providers/apache/spark/hooks/spark_submit.py", line 612, in _process_spark_submit_log
    for line in itr:
  File "/home/airflow/.local/lib/python3.8/site-packages/airflow/models/taskinstance.py", line 3094, in signal_handler
    raise AirflowTaskTerminated("Task received SIGTERM signal")
airflow.exceptions.AirflowTaskTerminated: Task received SIGTERM signal

During handling of the above exception, another exception occurred:

Traceback (most recent call last):
  File "/home/airflow/.local/lib/python3.8/site-packages/sqlalchemy/engine/base.py", line 1910, in _execute_context
    self.dialect.do_execute(
  File "/home/airflow/.local/lib/python3.8/site-packages/sqlalchemy/engine/default.py", line 736, in do_execute
    cursor.execute(statement, parameters)
  File "/home/airflow/.local/lib/python3.8/site-packages/pymysql/cursors.py", line 153, in execute
    result = self._query(query)
  File "/home/airflow/.local/lib/python3.8/site-packages/pymysql/cursors.py", line 322, in _query
    conn.query(q)
  File "/home/airflow/.local/lib/python3.8/site-packages/pymysql/connections.py", line 563, in query
    self._affected_rows = self._read_query_result(unbuffered=unbuffered)
  File "/home/airflow/.local/lib/python3.8/site-packages/pymysql/connections.py", line 825, in _read_query_result
    result.read()
  File "/home/airflow/.local/lib/python3.8/site-packages/pymysql/connections.py", line 1199, in read
    first_packet = self.connection._read_packet()
  File "/home/airflow/.local/lib/python3.8/site-packages/pymysql/connections.py", line 775, in _read_packet
    packet.raise_for_error()
  File "/home/airflow/.local/lib/python3.8/site-packages/pymysql/protocol.py", line 219, in raise_for_error
    err.raise_mysql_exception(self._data)
  File "/home/airflow/.local/lib/python3.8/site-packages/pymysql/err.py", line 150, in raise_mysql_exception
    raise errorclass(errno, errval)
pymysql.err.IntegrityError: (1452, 'Cannot add or update a child row: a foreign key constraint fails (`***_db`.`task_fail`, CONSTRAINT `task_fail_ti_fkey` FOREIGN KEY (`dag_id`, `task_id`, `run_id`, `map_index`) REFERENCES `task_instance` (`dag_id`, `task_id`, `run_id`, `map_index`) ON DEL)')

The above exception was the direct cause of the following exception:

Traceback (most recent call last):
  File "/home/airflow/.local/lib/python3.8/site-packages/airflow/task/task_runner/standard_task_runner.py", line 117, in _start_by_fork
    ret = args.func(args, dag=self.dag)
  File "/home/airflow/.local/lib/python3.8/site-packages/airflow/cli/cli_config.py", line 49, in command
    return func(*args, **kwargs)
  File "/home/airflow/.local/lib/python3.8/site-packages/airflow/utils/cli.py", line 115, in wrapper
    return f(*args, **kwargs)
  File "/home/airflow/.local/lib/python3.8/site-packages/airflow/cli/commands/task_command.py", line 483, in task_run
    task_return_code = _run_task_by_selected_method(args, _dag, ti)
  File "/home/airflow/.local/lib/python3.8/site-packages/airflow/cli/commands/task_command.py", line 256, in _run_task_by_selected_method
    return _run_raw_task(args, ti)
  File "/home/airflow/.local/lib/python3.8/site-packages/airflow/cli/commands/task_command.py", line 341, in _run_raw_task
    return ti._run_raw_task(
  File "/home/airflow/.local/lib/python3.8/site-packages/airflow/utils/session.py", line 97, in wrapper
    return func(*args, session=session, **kwargs)
  File "/home/airflow/.local/lib/python3.8/site-packages/airflow/models/taskinstance.py", line 3004, in _run_raw_task
    return _run_raw_task(
  File "/home/airflow/.local/lib/python3.8/site-packages/airflow/models/taskinstance.py", line 327, in _run_raw_task
    ti.handle_failure(e, test_mode, context, session=session)
  File "/home/airflow/.local/lib/python3.8/site-packages/airflow/utils/session.py", line 94, in wrapper
    return func(*args, **kwargs)
  File "/home/airflow/.local/lib/python3.8/site-packages/airflow/models/taskinstance.py", line 3427, in handle_failure
    _handle_failure(
  File "/home/airflow/.local/lib/python3.8/site-packages/airflow/utils/session.py", line 94, in wrapper
    return func(*args, **kwargs)
  File "/home/airflow/.local/lib/python3.8/site-packages/airflow/api_internal/internal_api_call.py", line 139, in wrapper
    return func(*args, **kwargs)
  File "/home/airflow/.local/lib/python3.8/site-packages/airflow/models/taskinstance.py", line 1243, in _handle_failure
    TaskInstance.save_to_db(failure_context["ti"], session)
  File "/home/airflow/.local/lib/python3.8/site-packages/airflow/api_internal/internal_api_call.py", line 139, in wrapper
    return func(*args, **kwargs)
  File "/home/airflow/.local/lib/python3.8/site-packages/airflow/utils/session.py", line 94, in wrapper
    return func(*args, **kwargs)
  File "/home/airflow/.local/lib/python3.8/site-packages/airflow/models/taskinstance.py", line 3399, in save_to_db
    session.flush()
  File "/home/airflow/.local/lib/python3.8/site-packages/sqlalchemy/orm/session.py", line 3449, in flush
    self._flush(objects)
  File "/home/airflow/.local/lib/python3.8/site-packages/sqlalchemy/orm/session.py", line 3589, in _flush
    transaction.rollback(_capture_exception=True)
  File "/home/airflow/.local/lib/python3.8/site-packages/sqlalchemy/util/langhelpers.py", line 70, in __exit__
    compat.raise_(
  File "/home/airflow/.local/lib/python3.8/site-packages/sqlalchemy/util/compat.py", line 211, in raise_
    raise exception
  File "/home/airflow/.local/lib/python3.8/site-packages/sqlalchemy/orm/session.py", line 3549, in _flush
    flush_context.execute()
  File "/home/airflow/.local/lib/python3.8/site-packages/sqlalchemy/orm/unitofwork.py", line 456, in execute
    rec.execute(self)
  File "/home/airflow/.local/lib/python3.8/site-packages/sqlalchemy/orm/unitofwork.py", line 630, in execute
    util.preloaded.orm_persistence.save_obj(
  File "/home/airflow/.local/lib/python3.8/site-packages/sqlalchemy/orm/persistence.py", line 245, in save_obj
    _emit_insert_statements(
  File "/home/airflow/.local/lib/python3.8/site-packages/sqlalchemy/orm/persistence.py", line 1238, in _emit_insert_statements
    result = connection._execute_20(
  File "/home/airflow/.local/lib/python3.8/site-packages/sqlalchemy/engine/base.py", line 1710, in _execute_20
    return meth(self, args_10style, kwargs_10style, execution_options)
  File "/home/airflow/.local/lib/python3.8/site-packages/sqlalchemy/sql/elements.py", line 334, in _execute_on_connection
    return connection._execute_clauseelement(
  File "/home/airflow/.local/lib/python3.8/site-packages/sqlalchemy/engine/base.py", line 1577, in _execute_clauseelement
    ret = self._execute_context(
  File "/home/airflow/.local/lib/python3.8/site-packages/sqlalchemy/engine/base.py", line 1953, in _execute_context
    self._handle_dbapi_exception(
  File "/home/airflow/.local/lib/python3.8/site-packages/sqlalchemy/engine/base.py", line 2134, in _handle_dbapi_exception
    util.raise_(
  File "/home/airflow/.local/lib/python3.8/site-packages/sqlalchemy/util/compat.py", line 211, in raise_
    raise exception
  File "/home/airflow/.local/lib/python3.8/site-packages/sqlalchemy/engine/base.py", line 1910, in _execute_context
    self.dialect.do_execute(
  File "/home/airflow/.local/lib/python3.8/site-packages/sqlalchemy/engine/default.py", line 736, in do_execute
    cursor.execute(statement, parameters)
  File "/home/airflow/.local/lib/python3.8/site-packages/pymysql/cursors.py", line 153, in execute
    result = self._query(query)
  File "/home/airflow/.local/lib/python3.8/site-packages/pymysql/cursors.py", line 322, in _query
    conn.query(q)
  File "/home/airflow/.local/lib/python3.8/site-packages/pymysql/connections.py", line 563, in query
    self._affected_rows = self._read_query_result(unbuffered=unbuffered)
  File "/home/airflow/.local/lib/python3.8/site-packages/pymysql/connections.py", line 825, in _read_query_result
    result.read()
  File "/home/airflow/.local/lib/python3.8/site-packages/pymysql/connections.py", line 1199, in read
    first_packet = self.connection._read_packet()
  File "/home/airflow/.local/lib/python3.8/site-packages/pymysql/connections.py", line 775, in _read_packet
    packet.raise_for_error()
  File "/home/airflow/.local/lib/python3.8/site-packages/pymysql/protocol.py", line 219, in raise_for_error
    err.raise_mysql_exception(self._data)
  File "/home/airflow/.local/lib/python3.8/site-packages/pymysql/err.py", line 150, in raise_mysql_exception
    raise errorclass(errno, errval)
sqlalchemy.exc.IntegrityError: (pymysql.err.IntegrityError) (1452, 'Cannot add or update a child row: a foreign key constraint fails (`***_db`.`task_fail`, CONSTRAINT `task_fail_ti_fkey` FOREIGN KEY (`dag_id`, `task_id`, `run_id`, `map_index`) REFERENCES `task_instance` (`dag_id`, `task_id`, `run_id`, `map_index`) ON DEL)')
[SQL: INSERT INTO task_fail (task_id, dag_id, run_id, map_index, start_date, end_date, duration) VALUES (%(task_id)s, %(dag_id)s, %(run_id)s, %(map_index)s, %(start_date)s, %(end_date)s, %(duration)s)]
[parameters: {'task_id': 'spark_submit_task', 'dag_id': 'newsapi_etl_with_spark', 'run_id': 'scheduled__2024-10-20T00:00:00+00:00', 'map_index': -1, 'start_date': datetime.datetime(2024, 10, 21, 22, 8, 44, 858614), 'end_date': datetime.datetime(2024, 10, 21, 22, 8, 54, 980706), 'duration': 10}]
(Background on this error at: https://sqlalche.me/e/14/gkpj)
[2024-10-21T22:08:55.043+0000] {process_utils.py:80} INFO - Process psutil.Process(pid=179, status='terminated', started='22:08:44') (179) terminated with exit code None
[2024-10-21T22:08:55.043+0000] {process_utils.py:80} INFO - Process psutil.Process(pid=177, status='terminated', exitcode=1, started='22:08:43') (177) terminated with exit code 1
[2024-10-21T22:08:55.044+0000] {process_utils.py:80} INFO - Process psutil.Process(pid=237, status='terminated', started='22:08:44') (237) terminated with exit code None
[2024-10-21T22:09:11.285+0000] {local_task_job_runner.py:123} INFO - ::group::Pre task execution logs
[2024-10-21T22:09:11.291+0000] {taskinstance.py:2612} INFO - Dependencies all met for dep_context=non-requeueable deps ti=<TaskInstance: newsapi_etl_with_spark.spark_submit_task scheduled__2024-10-20T00:00:00+00:00 [queued]>
[2024-10-21T22:09:11.294+0000] {taskinstance.py:2612} INFO - Dependencies all met for dep_context=requeueable deps ti=<TaskInstance: newsapi_etl_with_spark.spark_submit_task scheduled__2024-10-20T00:00:00+00:00 [queued]>
[2024-10-21T22:09:11.294+0000] {taskinstance.py:2865} INFO - Starting attempt 1 of 2
[2024-10-21T22:09:11.300+0000] {taskinstance.py:2888} INFO - Executing <Task(SparkSubmitOperator): spark_submit_task> on 2024-10-20 00:00:00+00:00
[2024-10-21T22:09:11.302+0000] {standard_task_runner.py:72} INFO - Started process 462 to run task
[2024-10-21T22:09:11.304+0000] {standard_task_runner.py:104} INFO - Running: ['***', 'tasks', 'run', 'newsapi_etl_with_spark', 'spark_submit_task', 'scheduled__2024-10-20T00:00:00+00:00', '--job-id', '35', '--raw', '--subdir', 'DAGS_FOLDER/newsapi_etl_pipeline.py', '--cfg-path', '/tmp/tmpi7kq80ms']
[2024-10-21T22:09:11.305+0000] {standard_task_runner.py:105} INFO - Job 35: Subtask spark_submit_task
[2024-10-21T22:09:11.321+0000] {task_command.py:467} INFO - Running <TaskInstance: newsapi_etl_with_spark.spark_submit_task scheduled__2024-10-20T00:00:00+00:00 [running]> on host 17bb0edcf65f
[2024-10-21T22:09:11.354+0000] {taskinstance.py:3131} INFO - Exporting env vars: AIRFLOW_CTX_DAG_OWNER='***' AIRFLOW_CTX_DAG_ID='newsapi_etl_with_spark' AIRFLOW_CTX_TASK_ID='spark_submit_task' AIRFLOW_CTX_EXECUTION_DATE='2024-10-20T00:00:00+00:00' AIRFLOW_CTX_TRY_NUMBER='1' AIRFLOW_CTX_DAG_RUN_ID='scheduled__2024-10-20T00:00:00+00:00'
[2024-10-21T22:09:11.355+0000] {taskinstance.py:731} INFO - ::endgroup::
[2024-10-21T22:09:11.359+0000] {base.py:84} INFO - Retrieving connection 'spark_conn'
[2024-10-21T22:09:11.359+0000] {spark_submit.py:473} INFO - Spark-Submit cmd: spark-submit --master spark://spark-master:7077 --conf spark.ui.port=4050 --conf spark.executor.instances=3 --conf spark.executor.memory=5g --conf spark.executor.cores=2 --conf spark.driver.memory=4g --conf spark.driver.cores=2 --conf spark.default.parallelism=12 --conf spark.serializer=org.apache.spark.serializer.KryoSerializer --conf spark.sql.shuffle.partitions=12 --conf spark.dynamicAllocation.enabled=true --conf spark.dynamicAllocation.minExecutors=3 --conf spark.dynamicAllocation.maxExecutors=6 --conf spark.executor.memoryOverhead=1024m --name LDA_Job --verbose --deploy-mode client /opt/***/scripts/news_processing.py
[2024-10-21T22:09:11.926+0000] {spark_submit.py:649} INFO - Using properties file: null
[2024-10-21T22:09:11.972+0000] {spark_submit.py:649} INFO - Parsed arguments:
[2024-10-21T22:09:11.973+0000] {spark_submit.py:649} INFO - master                  spark://spark-master:7077
[2024-10-21T22:09:11.973+0000] {spark_submit.py:649} INFO - remote                  null
[2024-10-21T22:09:11.973+0000] {spark_submit.py:649} INFO - deployMode              client
[2024-10-21T22:09:11.974+0000] {spark_submit.py:649} INFO - executorMemory          5g
[2024-10-21T22:09:11.974+0000] {spark_submit.py:649} INFO - executorCores           2
[2024-10-21T22:09:11.974+0000] {spark_submit.py:649} INFO - totalExecutorCores      null
[2024-10-21T22:09:11.974+0000] {spark_submit.py:649} INFO - propertiesFile          null
[2024-10-21T22:09:11.975+0000] {spark_submit.py:649} INFO - driverMemory            4g
[2024-10-21T22:09:11.975+0000] {spark_submit.py:649} INFO - driverCores             2
[2024-10-21T22:09:11.975+0000] {spark_submit.py:649} INFO - driverExtraClassPath    null
[2024-10-21T22:09:11.975+0000] {spark_submit.py:649} INFO - driverExtraLibraryPath  null
[2024-10-21T22:09:11.975+0000] {spark_submit.py:649} INFO - driverExtraJavaOptions  null
[2024-10-21T22:09:11.975+0000] {spark_submit.py:649} INFO - supervise               false
[2024-10-21T22:09:11.976+0000] {spark_submit.py:649} INFO - queue                   null
[2024-10-21T22:09:11.976+0000] {spark_submit.py:649} INFO - numExecutors            3
[2024-10-21T22:09:11.976+0000] {spark_submit.py:649} INFO - files                   null
[2024-10-21T22:09:11.976+0000] {spark_submit.py:649} INFO - pyFiles                 null
[2024-10-21T22:09:11.976+0000] {spark_submit.py:649} INFO - archives                null
[2024-10-21T22:09:11.977+0000] {spark_submit.py:649} INFO - mainClass               null
[2024-10-21T22:09:11.977+0000] {spark_submit.py:649} INFO - primaryResource         file:/opt/***/scripts/news_processing.py
[2024-10-21T22:09:11.977+0000] {spark_submit.py:649} INFO - name                    LDA_Job
[2024-10-21T22:09:11.977+0000] {spark_submit.py:649} INFO - childArgs               []
[2024-10-21T22:09:11.978+0000] {spark_submit.py:649} INFO - jars                    null
[2024-10-21T22:09:11.978+0000] {spark_submit.py:649} INFO - packages                null
[2024-10-21T22:09:11.978+0000] {spark_submit.py:649} INFO - packagesExclusions      null
[2024-10-21T22:09:11.978+0000] {spark_submit.py:649} INFO - repositories            null
[2024-10-21T22:09:11.978+0000] {spark_submit.py:649} INFO - verbose                 true
[2024-10-21T22:09:11.978+0000] {spark_submit.py:649} INFO - 
[2024-10-21T22:09:11.978+0000] {spark_submit.py:649} INFO - Spark properties used, including those specified through
[2024-10-21T22:09:11.979+0000] {spark_submit.py:649} INFO - --conf and those from the properties file null:
[2024-10-21T22:09:11.979+0000] {spark_submit.py:649} INFO - (spark.default.parallelism,12)
[2024-10-21T22:09:11.979+0000] {spark_submit.py:649} INFO - (spark.driver.cores,2)
[2024-10-21T22:09:11.979+0000] {spark_submit.py:649} INFO - (spark.driver.memory,4g)
[2024-10-21T22:09:11.980+0000] {spark_submit.py:649} INFO - (spark.dynamicAllocation.enabled,true)
[2024-10-21T22:09:11.980+0000] {spark_submit.py:649} INFO - (spark.dynamicAllocation.maxExecutors,6)
[2024-10-21T22:09:11.980+0000] {spark_submit.py:649} INFO - (spark.dynamicAllocation.minExecutors,3)
[2024-10-21T22:09:11.980+0000] {spark_submit.py:649} INFO - (spark.executor.cores,2)
[2024-10-21T22:09:11.980+0000] {spark_submit.py:649} INFO - (spark.executor.instances,3)
[2024-10-21T22:09:11.980+0000] {spark_submit.py:649} INFO - (spark.executor.memory,5g)
[2024-10-21T22:09:11.981+0000] {spark_submit.py:649} INFO - (spark.executor.memoryOverhead,1024m)
[2024-10-21T22:09:11.981+0000] {spark_submit.py:649} INFO - (spark.serializer,org.apache.spark.serializer.KryoSerializer)
[2024-10-21T22:09:11.981+0000] {spark_submit.py:649} INFO - (spark.sql.shuffle.partitions,12)
[2024-10-21T22:09:11.981+0000] {spark_submit.py:649} INFO - (spark.ui.port,4050)
[2024-10-21T22:09:11.981+0000] {spark_submit.py:649} INFO - 
[2024-10-21T22:09:11.981+0000] {spark_submit.py:649} INFO - 
[2024-10-21T22:09:12.076+0000] {spark_submit.py:649} INFO - Main class:
[2024-10-21T22:09:12.076+0000] {spark_submit.py:649} INFO - org.apache.spark.deploy.PythonRunner
[2024-10-21T22:09:12.077+0000] {spark_submit.py:649} INFO - Arguments:
[2024-10-21T22:09:12.077+0000] {spark_submit.py:649} INFO - file:/opt/***/scripts/news_processing.py
[2024-10-21T22:09:12.077+0000] {spark_submit.py:649} INFO - null
[2024-10-21T22:09:12.078+0000] {spark_submit.py:649} INFO - Spark config:
[2024-10-21T22:09:12.078+0000] {spark_submit.py:649} INFO - (spark.app.name,LDA_Job)
[2024-10-21T22:09:12.078+0000] {spark_submit.py:649} INFO - (spark.app.submitTime,1729548552068)
[2024-10-21T22:09:12.078+0000] {spark_submit.py:649} INFO - (spark.default.parallelism,12)
[2024-10-21T22:09:12.079+0000] {spark_submit.py:649} INFO - (spark.driver.cores,2)
[2024-10-21T22:09:12.079+0000] {spark_submit.py:649} INFO - (spark.driver.memory,4g)
[2024-10-21T22:09:12.079+0000] {spark_submit.py:649} INFO - (spark.dynamicAllocation.enabled,true)
[2024-10-21T22:09:12.079+0000] {spark_submit.py:649} INFO - (spark.dynamicAllocation.maxExecutors,6)
[2024-10-21T22:09:12.079+0000] {spark_submit.py:649} INFO - (spark.dynamicAllocation.minExecutors,3)
[2024-10-21T22:09:12.079+0000] {spark_submit.py:649} INFO - (spark.executor.cores,2)
[2024-10-21T22:09:12.079+0000] {spark_submit.py:649} INFO - (spark.executor.instances,3)
[2024-10-21T22:09:12.080+0000] {spark_submit.py:649} INFO - (spark.executor.memory,5g)
[2024-10-21T22:09:12.080+0000] {spark_submit.py:649} INFO - (spark.executor.memoryOverhead,1024m)
[2024-10-21T22:09:12.080+0000] {spark_submit.py:649} INFO - (spark.master,spark://spark-master:7077)
[2024-10-21T22:09:12.080+0000] {spark_submit.py:649} INFO - (spark.serializer,org.apache.spark.serializer.KryoSerializer)
[2024-10-21T22:09:12.080+0000] {spark_submit.py:649} INFO - (spark.sql.shuffle.partitions,12)
[2024-10-21T22:09:12.081+0000] {spark_submit.py:649} INFO - (spark.submit.deployMode,client)
[2024-10-21T22:09:12.081+0000] {spark_submit.py:649} INFO - (spark.submit.pyFiles,)
[2024-10-21T22:09:12.081+0000] {spark_submit.py:649} INFO - (spark.ui.port,4050)
[2024-10-21T22:09:12.081+0000] {spark_submit.py:649} INFO - Classpath elements:
[2024-10-21T22:09:12.081+0000] {spark_submit.py:649} INFO - 
[2024-10-21T22:09:12.082+0000] {spark_submit.py:649} INFO - 
[2024-10-21T22:09:12.082+0000] {spark_submit.py:649} INFO - 
[2024-10-21T22:09:12.718+0000] {spark_submit.py:649} INFO - 24/10/21 22:09:12 INFO SparkContext: Running Spark version 3.5.3
[2024-10-21T22:09:12.719+0000] {spark_submit.py:649} INFO - 24/10/21 22:09:12 INFO SparkContext: OS info Linux, 6.6.22-linuxkit, aarch64
[2024-10-21T22:09:12.719+0000] {spark_submit.py:649} INFO - 24/10/21 22:09:12 INFO SparkContext: Java version 17.0.13
[2024-10-21T22:09:12.741+0000] {spark_submit.py:649} INFO - 24/10/21 22:09:12 WARN NativeCodeLoader: Unable to load native-hadoop library for your platform... using builtin-java classes where applicable
[2024-10-21T22:09:12.774+0000] {spark_submit.py:649} INFO - 24/10/21 22:09:12 INFO ResourceUtils: ==============================================================
[2024-10-21T22:09:12.774+0000] {spark_submit.py:649} INFO - 24/10/21 22:09:12 INFO ResourceUtils: No custom resources configured for spark.driver.
[2024-10-21T22:09:12.774+0000] {spark_submit.py:649} INFO - 24/10/21 22:09:12 INFO ResourceUtils: ==============================================================
[2024-10-21T22:09:12.775+0000] {spark_submit.py:649} INFO - 24/10/21 22:09:12 INFO SparkContext: Submitted application: LDA News Topic Modeling
[2024-10-21T22:09:12.782+0000] {spark_submit.py:649} INFO - 24/10/21 22:09:12 INFO ResourceProfile: Default ResourceProfile created, executor resources: Map(memoryOverhead -> name: memoryOverhead, amount: 1024, script: , vendor: , cores -> name: cores, amount: 2, script: , vendor: , memory -> name: memory, amount: 5120, script: , vendor: , offHeap -> name: offHeap, amount: 0, script: , vendor: ), task resources: Map(cpus -> name: cpus, amount: 1.0)
[2024-10-21T22:09:12.785+0000] {spark_submit.py:649} INFO - 24/10/21 22:09:12 INFO ResourceProfile: Limiting resource is cpus at 2 tasks per executor
[2024-10-21T22:09:12.786+0000] {spark_submit.py:649} INFO - 24/10/21 22:09:12 INFO ResourceProfileManager: Added ResourceProfile id: 0
[2024-10-21T22:09:12.807+0000] {spark_submit.py:649} INFO - 24/10/21 22:09:12 INFO SecurityManager: Changing view acls to: ***
[2024-10-21T22:09:12.807+0000] {spark_submit.py:649} INFO - 24/10/21 22:09:12 INFO SecurityManager: Changing modify acls to: ***
[2024-10-21T22:09:12.808+0000] {spark_submit.py:649} INFO - 24/10/21 22:09:12 INFO SecurityManager: Changing view acls groups to:
[2024-10-21T22:09:12.808+0000] {spark_submit.py:649} INFO - 24/10/21 22:09:12 INFO SecurityManager: Changing modify acls groups to:
[2024-10-21T22:09:12.808+0000] {spark_submit.py:649} INFO - 24/10/21 22:09:12 INFO SecurityManager: SecurityManager: authentication disabled; ui acls disabled; users with view permissions: ***; groups with view permissions: EMPTY; users with modify permissions: ***; groups with modify permissions: EMPTY
[2024-10-21T22:09:12.891+0000] {spark_submit.py:649} INFO - 24/10/21 22:09:12 INFO Utils: Successfully started service 'sparkDriver' on port 41563.
[2024-10-21T22:09:12.904+0000] {spark_submit.py:649} INFO - 24/10/21 22:09:12 INFO SparkEnv: Registering MapOutputTracker
[2024-10-21T22:09:12.920+0000] {spark_submit.py:649} INFO - 24/10/21 22:09:12 INFO SparkEnv: Registering BlockManagerMaster
[2024-10-21T22:09:12.931+0000] {spark_submit.py:649} INFO - 24/10/21 22:09:12 INFO BlockManagerMasterEndpoint: Using org.apache.spark.storage.DefaultTopologyMapper for getting topology information
[2024-10-21T22:09:12.931+0000] {spark_submit.py:649} INFO - 24/10/21 22:09:12 INFO BlockManagerMasterEndpoint: BlockManagerMasterEndpoint up
[2024-10-21T22:09:12.932+0000] {spark_submit.py:649} INFO - 24/10/21 22:09:12 INFO SparkEnv: Registering BlockManagerMasterHeartbeat
[2024-10-21T22:09:12.944+0000] {spark_submit.py:649} INFO - 24/10/21 22:09:12 INFO DiskBlockManager: Created local directory at /tmp/blockmgr-77d79ea6-b899-4840-a69a-e2a6ec6b2013
[2024-10-21T22:09:12.949+0000] {spark_submit.py:649} INFO - 24/10/21 22:09:12 INFO MemoryStore: MemoryStore started with capacity 2.2 GiB
[2024-10-21T22:09:12.954+0000] {spark_submit.py:649} INFO - 24/10/21 22:09:12 INFO SparkEnv: Registering OutputCommitCoordinator
[2024-10-21T22:09:13.001+0000] {spark_submit.py:649} INFO - 24/10/21 22:09:13 INFO JettyUtils: Start Jetty 0.0.0.0:4050 for SparkUI
[2024-10-21T22:09:13.022+0000] {spark_submit.py:649} INFO - 24/10/21 22:09:13 INFO Utils: Successfully started service 'SparkUI' on port 4050.
[2024-10-21T22:09:13.072+0000] {spark_submit.py:649} INFO - 24/10/21 22:09:13 INFO StandaloneAppClient$ClientEndpoint: Connecting to master spark://spark-master:7077...
[2024-10-21T22:09:13.091+0000] {spark_submit.py:649} INFO - 24/10/21 22:09:13 INFO TransportClientFactory: Successfully created connection to spark-master/172.19.0.4:7077 after 9 ms (0 ms spent in bootstraps)
[2024-10-21T22:09:13.130+0000] {spark_submit.py:649} INFO - 24/10/21 22:09:13 INFO StandaloneSchedulerBackend: Connected to Spark cluster with app ID app-20241021220913-0002
[2024-10-21T22:09:13.134+0000] {spark_submit.py:649} INFO - 24/10/21 22:09:13 INFO Utils: Successfully started service 'org.apache.spark.network.netty.NettyBlockTransferService' on port 36223.
[2024-10-21T22:09:13.134+0000] {spark_submit.py:649} INFO - 24/10/21 22:09:13 INFO NettyBlockTransferService: Server created on 17bb0edcf65f:36223
[2024-10-21T22:09:13.135+0000] {spark_submit.py:649} INFO - 24/10/21 22:09:13 INFO BlockManager: Using org.apache.spark.storage.RandomBlockReplicationPolicy for block replication policy
[2024-10-21T22:09:13.137+0000] {spark_submit.py:649} INFO - 24/10/21 22:09:13 INFO BlockManagerMaster: Registering BlockManager BlockManagerId(driver, 17bb0edcf65f, 36223, None)
[2024-10-21T22:09:13.138+0000] {spark_submit.py:649} INFO - 24/10/21 22:09:13 INFO BlockManagerMasterEndpoint: Registering block manager 17bb0edcf65f:36223 with 2.2 GiB RAM, BlockManagerId(driver, 17bb0edcf65f, 36223, None)
[2024-10-21T22:09:13.139+0000] {spark_submit.py:649} INFO - 24/10/21 22:09:13 INFO BlockManagerMaster: Registered BlockManager BlockManagerId(driver, 17bb0edcf65f, 36223, None)
[2024-10-21T22:09:13.140+0000] {spark_submit.py:649} INFO - 24/10/21 22:09:13 INFO BlockManager: Initialized BlockManager: BlockManagerId(driver, 17bb0edcf65f, 36223, None)
[2024-10-21T22:09:13.193+0000] {spark_submit.py:649} INFO - 24/10/21 22:09:13 INFO Utils: Using initial executors = 3, max of spark.dynamicAllocation.initialExecutors, spark.dynamicAllocation.minExecutors and spark.executor.instances
[2024-10-21T22:09:13.193+0000] {spark_submit.py:649} INFO - 24/10/21 22:09:13 INFO ExecutorAllocationManager: Dynamic allocation is enabled without a shuffle service.
[2024-10-21T22:09:13.208+0000] {spark_submit.py:649} INFO - 24/10/21 22:09:13 INFO StandaloneAppClient$ClientEndpoint: Executor added: app-20241021220913-0002/0 on worker-20241021220759-172.19.0.6-44775 (172.19.0.6:44775) with 2 core(s)
[2024-10-21T22:09:13.210+0000] {spark_submit.py:649} INFO - 24/10/21 22:09:13 INFO StandaloneSchedulerBackend: Granted executor ID app-20241021220913-0002/0 on hostPort 172.19.0.6:44775 with 2 core(s), 5.0 GiB RAM
[2024-10-21T22:09:13.233+0000] {spark_submit.py:649} INFO - 24/10/21 22:09:13 INFO StandaloneAppClient$ClientEndpoint: Executor updated: app-20241021220913-0002/0 is now RUNNING
[2024-10-21T22:09:13.241+0000] {spark_submit.py:649} INFO - 24/10/21 22:09:13 INFO StandaloneSchedulerBackend: SchedulerBackend is ready for scheduling beginning after reached minRegisteredResourcesRatio: 0.0
[2024-10-21T22:09:13.317+0000] {spark_submit.py:649} INFO - INFO:__main__:Spark session initialized.
[2024-10-21T22:09:13.317+0000] {spark_submit.py:649} INFO - INFO:__main__:Reading articles from: /opt/***/data/news_articles.json
[2024-10-21T22:09:13.348+0000] {spark_submit.py:649} INFO - 24/10/21 22:09:13 INFO SharedState: Setting hive.metastore.warehouse.dir ('null') to the value of spark.sql.warehouse.dir.
[2024-10-21T22:09:13.351+0000] {spark_submit.py:649} INFO - 24/10/21 22:09:13 INFO SharedState: Warehouse path is 'file:/opt/***/spark-warehouse'.
[2024-10-21T22:09:13.673+0000] {spark_submit.py:649} INFO - 24/10/21 22:09:13 INFO InMemoryFileIndex: It took 16 ms to list leaf files for 1 paths.
[2024-10-21T22:09:13.696+0000] {spark_submit.py:649} INFO - 24/10/21 22:09:13 INFO InMemoryFileIndex: It took 1 ms to list leaf files for 1 paths.
[2024-10-21T22:09:14.253+0000] {spark_submit.py:649} INFO - 24/10/21 22:09:14 INFO StandaloneSchedulerBackend$StandaloneDriverEndpoint: Registered executor NettyRpcEndpointRef(spark-client://Executor) (172.19.0.6:42610) with ID 0,  ResourceProfileId 0
[2024-10-21T22:09:14.259+0000] {spark_submit.py:649} INFO - 24/10/21 22:09:14 INFO ExecutorMonitor: New executor 0 has registered (new total is 1)
[2024-10-21T22:09:14.283+0000] {spark_submit.py:649} INFO - 24/10/21 22:09:14 INFO BlockManagerMasterEndpoint: Registering block manager 172.19.0.6:40767 with 2.8 GiB RAM, BlockManagerId(0, 172.19.0.6, 40767, None)
[2024-10-21T22:09:14.503+0000] {spark_submit.py:649} INFO - 24/10/21 22:09:14 INFO FileSourceStrategy: Pushed Filters:
[2024-10-21T22:09:14.503+0000] {spark_submit.py:649} INFO - 24/10/21 22:09:14 INFO FileSourceStrategy: Post-Scan Filters:
[2024-10-21T22:09:14.586+0000] {spark_submit.py:649} INFO - 24/10/21 22:09:14 INFO MemoryStore: Block broadcast_0 stored as values in memory (estimated size 201.4 KiB, free 2.2 GiB)
[2024-10-21T22:09:14.676+0000] {spark_submit.py:649} INFO - 24/10/21 22:09:14 INFO MemoryStore: Block broadcast_0_piece0 stored as bytes in memory (estimated size 34.7 KiB, free 2.2 GiB)
[2024-10-21T22:09:14.677+0000] {spark_submit.py:649} INFO - 24/10/21 22:09:14 INFO BlockManagerInfo: Added broadcast_0_piece0 in memory on 17bb0edcf65f:36223 (size: 34.7 KiB, free: 2.2 GiB)
[2024-10-21T22:09:14.679+0000] {spark_submit.py:649} INFO - 24/10/21 22:09:14 INFO SparkContext: Created broadcast 0 from json at NativeMethodAccessorImpl.java:0
[2024-10-21T22:09:14.684+0000] {spark_submit.py:649} INFO - 24/10/21 22:09:14 INFO FileSourceScanExec: Planning scan with bin packing, max size: 4194304 bytes, open cost is considered as scanning 4194304 bytes.
[2024-10-21T22:09:14.737+0000] {spark_submit.py:649} INFO - 24/10/21 22:09:14 INFO SparkContext: Starting job: json at NativeMethodAccessorImpl.java:0
[2024-10-21T22:09:14.746+0000] {spark_submit.py:649} INFO - 24/10/21 22:09:14 INFO DAGScheduler: Got job 0 (json at NativeMethodAccessorImpl.java:0) with 1 output partitions
[2024-10-21T22:09:14.747+0000] {spark_submit.py:649} INFO - 24/10/21 22:09:14 INFO DAGScheduler: Final stage: ResultStage 0 (json at NativeMethodAccessorImpl.java:0)
[2024-10-21T22:09:14.747+0000] {spark_submit.py:649} INFO - 24/10/21 22:09:14 INFO DAGScheduler: Parents of final stage: List()
[2024-10-21T22:09:14.747+0000] {spark_submit.py:649} INFO - 24/10/21 22:09:14 INFO DAGScheduler: Missing parents: List()
[2024-10-21T22:09:14.749+0000] {spark_submit.py:649} INFO - 24/10/21 22:09:14 INFO DAGScheduler: Submitting ResultStage 0 (MapPartitionsRDD[3] at json at NativeMethodAccessorImpl.java:0), which has no missing parents
[2024-10-21T22:09:14.778+0000] {spark_submit.py:649} INFO - 24/10/21 22:09:14 INFO MemoryStore: Block broadcast_1 stored as values in memory (estimated size 16.6 KiB, free 2.2 GiB)
[2024-10-21T22:09:14.778+0000] {spark_submit.py:649} INFO - 24/10/21 22:09:14 INFO MemoryStore: Block broadcast_1_piece0 stored as bytes in memory (estimated size 7.8 KiB, free 2.2 GiB)
[2024-10-21T22:09:14.779+0000] {spark_submit.py:649} INFO - 24/10/21 22:09:14 INFO BlockManagerInfo: Added broadcast_1_piece0 in memory on 17bb0edcf65f:36223 (size: 7.8 KiB, free: 2.2 GiB)
[2024-10-21T22:09:14.779+0000] {spark_submit.py:649} INFO - 24/10/21 22:09:14 INFO SparkContext: Created broadcast 1 from broadcast at DAGScheduler.scala:1585
[2024-10-21T22:09:14.786+0000] {spark_submit.py:649} INFO - 24/10/21 22:09:14 INFO DAGScheduler: Submitting 1 missing tasks from ResultStage 0 (MapPartitionsRDD[3] at json at NativeMethodAccessorImpl.java:0) (first 15 tasks are for partitions Vector(0))
[2024-10-21T22:09:14.787+0000] {spark_submit.py:649} INFO - 24/10/21 22:09:14 INFO TaskSchedulerImpl: Adding task set 0.0 with 1 tasks resource profile 0
[2024-10-21T22:09:14.797+0000] {spark_submit.py:649} INFO - 24/10/21 22:09:14 INFO TaskSetManager: Starting task 0.0 in stage 0.0 (TID 0) (172.19.0.6, executor 0, partition 0, PROCESS_LOCAL, 9609 bytes)
[2024-10-21T22:10:21.979+0000] {local_task_job_runner.py:346} WARNING - State of this instance has been externally set to None. Terminating instance.
[2024-10-21T22:10:21.981+0000] {local_task_job_runner.py:245} INFO - ::endgroup::
[2024-10-21T22:10:21.983+0000] {process_utils.py:132} INFO - Sending 15 to group 462. PIDs of all processes in the group: [464, 522, 462]
[2024-10-21T22:10:21.984+0000] {process_utils.py:87} INFO - Sending the signal 15 to group 462
[2024-10-21T22:10:21.985+0000] {taskinstance.py:3092} ERROR - Received SIGTERM. Terminating subprocesses.
[2024-10-21T22:10:21.988+0000] {spark_submit.py:775} INFO - Sending kill signal to spark-submit
[2024-10-21T22:10:21.997+0000] {taskinstance.py:3310} ERROR - Task failed with exception
Traceback (most recent call last):
  File "/home/airflow/.local/lib/python3.8/site-packages/airflow/models/taskinstance.py", line 762, in _execute_task
    result = _execute_callable(context=context, **execute_callable_kwargs)
  File "/home/airflow/.local/lib/python3.8/site-packages/airflow/models/taskinstance.py", line 733, in _execute_callable
    return ExecutionCallableRunner(
  File "/home/airflow/.local/lib/python3.8/site-packages/airflow/utils/operator_helpers.py", line 252, in run
    return self.func(*args, **kwargs)
  File "/home/airflow/.local/lib/python3.8/site-packages/airflow/models/baseoperator.py", line 406, in wrapper
    return func(self, *args, **kwargs)
  File "/home/airflow/.local/lib/python3.8/site-packages/airflow/providers/apache/spark/operators/spark_submit.py", line 176, in execute
    self._hook.submit(self.application)
  File "/home/airflow/.local/lib/python3.8/site-packages/airflow/providers/apache/spark/hooks/spark_submit.py", line 563, in submit
    self._process_spark_submit_log(iter(self._submit_sp.stdout))  # type: ignore
  File "/home/airflow/.local/lib/python3.8/site-packages/airflow/providers/apache/spark/hooks/spark_submit.py", line 612, in _process_spark_submit_log
    for line in itr:
  File "/home/airflow/.local/lib/python3.8/site-packages/airflow/models/taskinstance.py", line 3094, in signal_handler
    raise AirflowTaskTerminated("Task received SIGTERM signal")
airflow.exceptions.AirflowTaskTerminated: Task received SIGTERM signal
[2024-10-21T22:10:22.001+0000] {taskinstance.py:1225} INFO - Marking task as UP_FOR_RETRY. dag_id=newsapi_etl_with_spark, task_id=spark_submit_task, run_id=scheduled__2024-10-20T00:00:00+00:00, execution_date=20241020T000000, start_date=20241021T220911, end_date=20241021T221022
[2024-10-21T22:10:22.017+0000] {taskinstance.py:340} INFO - ::group::Post task execution logs
[2024-10-21T22:10:22.018+0000] {standard_task_runner.py:124} ERROR - Failed to execute job 35 for task spark_submit_task ((pymysql.err.IntegrityError) (1452, 'Cannot add or update a child row: a foreign key constraint fails (`***_db`.`task_fail`, CONSTRAINT `task_fail_ti_fkey` FOREIGN KEY (`dag_id`, `task_id`, `run_id`, `map_index`) REFERENCES `task_instance` (`dag_id`, `task_id`, `run_id`, `map_index`) ON DEL)')
[SQL: INSERT INTO task_fail (task_id, dag_id, run_id, map_index, start_date, end_date, duration) VALUES (%(task_id)s, %(dag_id)s, %(run_id)s, %(map_index)s, %(start_date)s, %(end_date)s, %(duration)s)]
[parameters: {'task_id': 'spark_submit_task', 'dag_id': 'newsapi_etl_with_spark', 'run_id': 'scheduled__2024-10-20T00:00:00+00:00', 'map_index': -1, 'start_date': datetime.datetime(2024, 10, 21, 22, 9, 11, 291436), 'end_date': datetime.datetime(2024, 10, 21, 22, 10, 22, 459), 'duration': 70}]
(Background on this error at: https://sqlalche.me/e/14/gkpj); 462)
Traceback (most recent call last):
  File "/home/airflow/.local/lib/python3.8/site-packages/airflow/models/taskinstance.py", line 273, in _run_raw_task
    TaskInstance._execute_task_with_callbacks(
  File "/home/airflow/.local/lib/python3.8/site-packages/airflow/models/taskinstance.py", line 3158, in _execute_task_with_callbacks
    result = self._execute_task(context, task_orig)
  File "/home/airflow/.local/lib/python3.8/site-packages/airflow/models/taskinstance.py", line 3182, in _execute_task
    return _execute_task(self, context, task_orig)
  File "/home/airflow/.local/lib/python3.8/site-packages/airflow/models/taskinstance.py", line 762, in _execute_task
    result = _execute_callable(context=context, **execute_callable_kwargs)
  File "/home/airflow/.local/lib/python3.8/site-packages/airflow/models/taskinstance.py", line 733, in _execute_callable
    return ExecutionCallableRunner(
  File "/home/airflow/.local/lib/python3.8/site-packages/airflow/utils/operator_helpers.py", line 252, in run
    return self.func(*args, **kwargs)
  File "/home/airflow/.local/lib/python3.8/site-packages/airflow/models/baseoperator.py", line 406, in wrapper
    return func(self, *args, **kwargs)
  File "/home/airflow/.local/lib/python3.8/site-packages/airflow/providers/apache/spark/operators/spark_submit.py", line 176, in execute
    self._hook.submit(self.application)
  File "/home/airflow/.local/lib/python3.8/site-packages/airflow/providers/apache/spark/hooks/spark_submit.py", line 563, in submit
    self._process_spark_submit_log(iter(self._submit_sp.stdout))  # type: ignore
  File "/home/airflow/.local/lib/python3.8/site-packages/airflow/providers/apache/spark/hooks/spark_submit.py", line 612, in _process_spark_submit_log
    for line in itr:
  File "/home/airflow/.local/lib/python3.8/site-packages/airflow/models/taskinstance.py", line 3094, in signal_handler
    raise AirflowTaskTerminated("Task received SIGTERM signal")
airflow.exceptions.AirflowTaskTerminated: Task received SIGTERM signal

During handling of the above exception, another exception occurred:

Traceback (most recent call last):
  File "/home/airflow/.local/lib/python3.8/site-packages/sqlalchemy/engine/base.py", line 1910, in _execute_context
    self.dialect.do_execute(
  File "/home/airflow/.local/lib/python3.8/site-packages/sqlalchemy/engine/default.py", line 736, in do_execute
    cursor.execute(statement, parameters)
  File "/home/airflow/.local/lib/python3.8/site-packages/pymysql/cursors.py", line 153, in execute
    result = self._query(query)
  File "/home/airflow/.local/lib/python3.8/site-packages/pymysql/cursors.py", line 322, in _query
    conn.query(q)
  File "/home/airflow/.local/lib/python3.8/site-packages/pymysql/connections.py", line 563, in query
    self._affected_rows = self._read_query_result(unbuffered=unbuffered)
  File "/home/airflow/.local/lib/python3.8/site-packages/pymysql/connections.py", line 825, in _read_query_result
    result.read()
  File "/home/airflow/.local/lib/python3.8/site-packages/pymysql/connections.py", line 1199, in read
    first_packet = self.connection._read_packet()
  File "/home/airflow/.local/lib/python3.8/site-packages/pymysql/connections.py", line 775, in _read_packet
    packet.raise_for_error()
  File "/home/airflow/.local/lib/python3.8/site-packages/pymysql/protocol.py", line 219, in raise_for_error
    err.raise_mysql_exception(self._data)
  File "/home/airflow/.local/lib/python3.8/site-packages/pymysql/err.py", line 150, in raise_mysql_exception
    raise errorclass(errno, errval)
pymysql.err.IntegrityError: (1452, 'Cannot add or update a child row: a foreign key constraint fails (`***_db`.`task_fail`, CONSTRAINT `task_fail_ti_fkey` FOREIGN KEY (`dag_id`, `task_id`, `run_id`, `map_index`) REFERENCES `task_instance` (`dag_id`, `task_id`, `run_id`, `map_index`) ON DEL)')

The above exception was the direct cause of the following exception:

Traceback (most recent call last):
  File "/home/airflow/.local/lib/python3.8/site-packages/airflow/task/task_runner/standard_task_runner.py", line 117, in _start_by_fork
    ret = args.func(args, dag=self.dag)
  File "/home/airflow/.local/lib/python3.8/site-packages/airflow/cli/cli_config.py", line 49, in command
    return func(*args, **kwargs)
  File "/home/airflow/.local/lib/python3.8/site-packages/airflow/utils/cli.py", line 115, in wrapper
    return f(*args, **kwargs)
  File "/home/airflow/.local/lib/python3.8/site-packages/airflow/cli/commands/task_command.py", line 483, in task_run
    task_return_code = _run_task_by_selected_method(args, _dag, ti)
  File "/home/airflow/.local/lib/python3.8/site-packages/airflow/cli/commands/task_command.py", line 256, in _run_task_by_selected_method
    return _run_raw_task(args, ti)
  File "/home/airflow/.local/lib/python3.8/site-packages/airflow/cli/commands/task_command.py", line 341, in _run_raw_task
    return ti._run_raw_task(
  File "/home/airflow/.local/lib/python3.8/site-packages/airflow/utils/session.py", line 97, in wrapper
    return func(*args, session=session, **kwargs)
  File "/home/airflow/.local/lib/python3.8/site-packages/airflow/models/taskinstance.py", line 3004, in _run_raw_task
    return _run_raw_task(
  File "/home/airflow/.local/lib/python3.8/site-packages/airflow/models/taskinstance.py", line 327, in _run_raw_task
    ti.handle_failure(e, test_mode, context, session=session)
  File "/home/airflow/.local/lib/python3.8/site-packages/airflow/utils/session.py", line 94, in wrapper
    return func(*args, **kwargs)
  File "/home/airflow/.local/lib/python3.8/site-packages/airflow/models/taskinstance.py", line 3427, in handle_failure
    _handle_failure(
  File "/home/airflow/.local/lib/python3.8/site-packages/airflow/utils/session.py", line 94, in wrapper
    return func(*args, **kwargs)
  File "/home/airflow/.local/lib/python3.8/site-packages/airflow/api_internal/internal_api_call.py", line 139, in wrapper
    return func(*args, **kwargs)
  File "/home/airflow/.local/lib/python3.8/site-packages/airflow/models/taskinstance.py", line 1243, in _handle_failure
    TaskInstance.save_to_db(failure_context["ti"], session)
  File "/home/airflow/.local/lib/python3.8/site-packages/airflow/api_internal/internal_api_call.py", line 139, in wrapper
    return func(*args, **kwargs)
  File "/home/airflow/.local/lib/python3.8/site-packages/airflow/utils/session.py", line 94, in wrapper
    return func(*args, **kwargs)
  File "/home/airflow/.local/lib/python3.8/site-packages/airflow/models/taskinstance.py", line 3399, in save_to_db
    session.flush()
  File "/home/airflow/.local/lib/python3.8/site-packages/sqlalchemy/orm/session.py", line 3449, in flush
    self._flush(objects)
  File "/home/airflow/.local/lib/python3.8/site-packages/sqlalchemy/orm/session.py", line 3589, in _flush
    transaction.rollback(_capture_exception=True)
  File "/home/airflow/.local/lib/python3.8/site-packages/sqlalchemy/util/langhelpers.py", line 70, in __exit__
    compat.raise_(
  File "/home/airflow/.local/lib/python3.8/site-packages/sqlalchemy/util/compat.py", line 211, in raise_
    raise exception
  File "/home/airflow/.local/lib/python3.8/site-packages/sqlalchemy/orm/session.py", line 3549, in _flush
    flush_context.execute()
  File "/home/airflow/.local/lib/python3.8/site-packages/sqlalchemy/orm/unitofwork.py", line 456, in execute
    rec.execute(self)
  File "/home/airflow/.local/lib/python3.8/site-packages/sqlalchemy/orm/unitofwork.py", line 630, in execute
    util.preloaded.orm_persistence.save_obj(
  File "/home/airflow/.local/lib/python3.8/site-packages/sqlalchemy/orm/persistence.py", line 245, in save_obj
    _emit_insert_statements(
  File "/home/airflow/.local/lib/python3.8/site-packages/sqlalchemy/orm/persistence.py", line 1238, in _emit_insert_statements
    result = connection._execute_20(
  File "/home/airflow/.local/lib/python3.8/site-packages/sqlalchemy/engine/base.py", line 1710, in _execute_20
    return meth(self, args_10style, kwargs_10style, execution_options)
  File "/home/airflow/.local/lib/python3.8/site-packages/sqlalchemy/sql/elements.py", line 334, in _execute_on_connection
    return connection._execute_clauseelement(
  File "/home/airflow/.local/lib/python3.8/site-packages/sqlalchemy/engine/base.py", line 1577, in _execute_clauseelement
    ret = self._execute_context(
  File "/home/airflow/.local/lib/python3.8/site-packages/sqlalchemy/engine/base.py", line 1953, in _execute_context
    self._handle_dbapi_exception(
  File "/home/airflow/.local/lib/python3.8/site-packages/sqlalchemy/engine/base.py", line 2134, in _handle_dbapi_exception
    util.raise_(
  File "/home/airflow/.local/lib/python3.8/site-packages/sqlalchemy/util/compat.py", line 211, in raise_
    raise exception
  File "/home/airflow/.local/lib/python3.8/site-packages/sqlalchemy/engine/base.py", line 1910, in _execute_context
    self.dialect.do_execute(
  File "/home/airflow/.local/lib/python3.8/site-packages/sqlalchemy/engine/default.py", line 736, in do_execute
    cursor.execute(statement, parameters)
  File "/home/airflow/.local/lib/python3.8/site-packages/pymysql/cursors.py", line 153, in execute
    result = self._query(query)
  File "/home/airflow/.local/lib/python3.8/site-packages/pymysql/cursors.py", line 322, in _query
    conn.query(q)
  File "/home/airflow/.local/lib/python3.8/site-packages/pymysql/connections.py", line 563, in query
    self._affected_rows = self._read_query_result(unbuffered=unbuffered)
  File "/home/airflow/.local/lib/python3.8/site-packages/pymysql/connections.py", line 825, in _read_query_result
    result.read()
  File "/home/airflow/.local/lib/python3.8/site-packages/pymysql/connections.py", line 1199, in read
    first_packet = self.connection._read_packet()
  File "/home/airflow/.local/lib/python3.8/site-packages/pymysql/connections.py", line 775, in _read_packet
    packet.raise_for_error()
  File "/home/airflow/.local/lib/python3.8/site-packages/pymysql/protocol.py", line 219, in raise_for_error
    err.raise_mysql_exception(self._data)
  File "/home/airflow/.local/lib/python3.8/site-packages/pymysql/err.py", line 150, in raise_mysql_exception
    raise errorclass(errno, errval)
sqlalchemy.exc.IntegrityError: (pymysql.err.IntegrityError) (1452, 'Cannot add or update a child row: a foreign key constraint fails (`***_db`.`task_fail`, CONSTRAINT `task_fail_ti_fkey` FOREIGN KEY (`dag_id`, `task_id`, `run_id`, `map_index`) REFERENCES `task_instance` (`dag_id`, `task_id`, `run_id`, `map_index`) ON DEL)')
[SQL: INSERT INTO task_fail (task_id, dag_id, run_id, map_index, start_date, end_date, duration) VALUES (%(task_id)s, %(dag_id)s, %(run_id)s, %(map_index)s, %(start_date)s, %(end_date)s, %(duration)s)]
[parameters: {'task_id': 'spark_submit_task', 'dag_id': 'newsapi_etl_with_spark', 'run_id': 'scheduled__2024-10-20T00:00:00+00:00', 'map_index': -1, 'start_date': datetime.datetime(2024, 10, 21, 22, 9, 11, 291436), 'end_date': datetime.datetime(2024, 10, 21, 22, 10, 22, 459), 'duration': 70}]
(Background on this error at: https://sqlalche.me/e/14/gkpj)
[2024-10-21T22:10:22.043+0000] {process_utils.py:80} INFO - Process psutil.Process(pid=464, status='terminated', started='22:09:10') (464) terminated with exit code None
[2024-10-21T22:10:22.043+0000] {process_utils.py:80} INFO - Process psutil.Process(pid=462, status='terminated', exitcode=1, started='22:09:10') (462) terminated with exit code 1
[2024-10-21T22:10:22.044+0000] {process_utils.py:80} INFO - Process psutil.Process(pid=522, status='terminated', started='22:09:11') (522) terminated with exit code None
[2024-10-21T22:10:47.538+0000] {local_task_job_runner.py:123} INFO - ::group::Pre task execution logs
[2024-10-21T22:10:47.544+0000] {taskinstance.py:2612} INFO - Dependencies all met for dep_context=non-requeueable deps ti=<TaskInstance: newsapi_etl_with_spark.spark_submit_task scheduled__2024-10-20T00:00:00+00:00 [queued]>
[2024-10-21T22:10:47.547+0000] {taskinstance.py:2612} INFO - Dependencies all met for dep_context=requeueable deps ti=<TaskInstance: newsapi_etl_with_spark.spark_submit_task scheduled__2024-10-20T00:00:00+00:00 [queued]>
[2024-10-21T22:10:47.547+0000] {taskinstance.py:2865} INFO - Starting attempt 1 of 2
[2024-10-21T22:10:47.554+0000] {taskinstance.py:2888} INFO - Executing <Task(SparkSubmitOperator): spark_submit_task> on 2024-10-20 00:00:00+00:00
[2024-10-21T22:10:47.556+0000] {standard_task_runner.py:72} INFO - Started process 622 to run task
[2024-10-21T22:10:47.557+0000] {standard_task_runner.py:104} INFO - Running: ['***', 'tasks', 'run', 'newsapi_etl_with_spark', 'spark_submit_task', 'scheduled__2024-10-20T00:00:00+00:00', '--job-id', '37', '--raw', '--subdir', 'DAGS_FOLDER/newsapi_etl_pipeline.py', '--cfg-path', '/tmp/tmpij45xxvs']
[2024-10-21T22:10:47.558+0000] {standard_task_runner.py:105} INFO - Job 37: Subtask spark_submit_task
[2024-10-21T22:10:47.575+0000] {task_command.py:467} INFO - Running <TaskInstance: newsapi_etl_with_spark.spark_submit_task scheduled__2024-10-20T00:00:00+00:00 [running]> on host 17bb0edcf65f
[2024-10-21T22:10:47.603+0000] {taskinstance.py:3131} INFO - Exporting env vars: AIRFLOW_CTX_DAG_OWNER='***' AIRFLOW_CTX_DAG_ID='newsapi_etl_with_spark' AIRFLOW_CTX_TASK_ID='spark_submit_task' AIRFLOW_CTX_EXECUTION_DATE='2024-10-20T00:00:00+00:00' AIRFLOW_CTX_TRY_NUMBER='1' AIRFLOW_CTX_DAG_RUN_ID='scheduled__2024-10-20T00:00:00+00:00'
[2024-10-21T22:10:47.604+0000] {taskinstance.py:731} INFO - ::endgroup::
[2024-10-21T22:10:47.607+0000] {base.py:84} INFO - Retrieving connection 'spark_conn'
[2024-10-21T22:10:47.608+0000] {spark_submit.py:473} INFO - Spark-Submit cmd: spark-submit --master spark://spark-master:7077 --conf spark.ui.port=4050 --conf spark.executor.instances=3 --conf spark.executor.memory=5g --conf spark.executor.cores=2 --conf spark.driver.memory=4g --conf spark.driver.cores=2 --conf spark.default.parallelism=12 --conf spark.serializer=org.apache.spark.serializer.KryoSerializer --conf spark.sql.shuffle.partitions=12 --conf spark.dynamicAllocation.enabled=true --conf spark.dynamicAllocation.minExecutors=3 --conf spark.dynamicAllocation.maxExecutors=6 --conf spark.executor.memoryOverhead=1024m --name LDA_Job --verbose --deploy-mode client /opt/***/scripts/news_processing.py
[2024-10-21T22:10:48.124+0000] {spark_submit.py:649} INFO - Using properties file: null
[2024-10-21T22:10:48.175+0000] {spark_submit.py:649} INFO - Parsed arguments:
[2024-10-21T22:10:48.179+0000] {spark_submit.py:649} INFO - master                  spark://spark-master:7077
[2024-10-21T22:10:48.179+0000] {spark_submit.py:649} INFO - remote                  null
[2024-10-21T22:10:48.179+0000] {spark_submit.py:649} INFO - deployMode              client
[2024-10-21T22:10:48.180+0000] {spark_submit.py:649} INFO - executorMemory          5g
[2024-10-21T22:10:48.180+0000] {spark_submit.py:649} INFO - executorCores           2
[2024-10-21T22:10:48.180+0000] {spark_submit.py:649} INFO - totalExecutorCores      null
[2024-10-21T22:10:48.180+0000] {spark_submit.py:649} INFO - propertiesFile          null
[2024-10-21T22:10:48.180+0000] {spark_submit.py:649} INFO - driverMemory            4g
[2024-10-21T22:10:48.181+0000] {spark_submit.py:649} INFO - driverCores             2
[2024-10-21T22:10:48.181+0000] {spark_submit.py:649} INFO - driverExtraClassPath    null
[2024-10-21T22:10:48.181+0000] {spark_submit.py:649} INFO - driverExtraLibraryPath  null
[2024-10-21T22:10:48.181+0000] {spark_submit.py:649} INFO - driverExtraJavaOptions  null
[2024-10-21T22:10:48.181+0000] {spark_submit.py:649} INFO - supervise               false
[2024-10-21T22:10:48.182+0000] {spark_submit.py:649} INFO - queue                   null
[2024-10-21T22:10:48.182+0000] {spark_submit.py:649} INFO - numExecutors            3
[2024-10-21T22:10:48.182+0000] {spark_submit.py:649} INFO - files                   null
[2024-10-21T22:10:48.182+0000] {spark_submit.py:649} INFO - pyFiles                 null
[2024-10-21T22:10:48.182+0000] {spark_submit.py:649} INFO - archives                null
[2024-10-21T22:10:48.182+0000] {spark_submit.py:649} INFO - mainClass               null
[2024-10-21T22:10:48.182+0000] {spark_submit.py:649} INFO - primaryResource         file:/opt/***/scripts/news_processing.py
[2024-10-21T22:10:48.183+0000] {spark_submit.py:649} INFO - name                    LDA_Job
[2024-10-21T22:10:48.183+0000] {spark_submit.py:649} INFO - childArgs               []
[2024-10-21T22:10:48.183+0000] {spark_submit.py:649} INFO - jars                    null
[2024-10-21T22:10:48.183+0000] {spark_submit.py:649} INFO - packages                null
[2024-10-21T22:10:48.183+0000] {spark_submit.py:649} INFO - packagesExclusions      null
[2024-10-21T22:10:48.183+0000] {spark_submit.py:649} INFO - repositories            null
[2024-10-21T22:10:48.184+0000] {spark_submit.py:649} INFO - verbose                 true
[2024-10-21T22:10:48.184+0000] {spark_submit.py:649} INFO - 
[2024-10-21T22:10:48.184+0000] {spark_submit.py:649} INFO - Spark properties used, including those specified through
[2024-10-21T22:10:48.184+0000] {spark_submit.py:649} INFO - --conf and those from the properties file null:
[2024-10-21T22:10:48.184+0000] {spark_submit.py:649} INFO - (spark.default.parallelism,12)
[2024-10-21T22:10:48.184+0000] {spark_submit.py:649} INFO - (spark.driver.cores,2)
[2024-10-21T22:10:48.185+0000] {spark_submit.py:649} INFO - (spark.driver.memory,4g)
[2024-10-21T22:10:48.185+0000] {spark_submit.py:649} INFO - (spark.dynamicAllocation.enabled,true)
[2024-10-21T22:10:48.185+0000] {spark_submit.py:649} INFO - (spark.dynamicAllocation.maxExecutors,6)
[2024-10-21T22:10:48.185+0000] {spark_submit.py:649} INFO - (spark.dynamicAllocation.minExecutors,3)
[2024-10-21T22:10:48.185+0000] {spark_submit.py:649} INFO - (spark.executor.cores,2)
[2024-10-21T22:10:48.185+0000] {spark_submit.py:649} INFO - (spark.executor.instances,3)
[2024-10-21T22:10:48.185+0000] {spark_submit.py:649} INFO - (spark.executor.memory,5g)
[2024-10-21T22:10:48.185+0000] {spark_submit.py:649} INFO - (spark.executor.memoryOverhead,1024m)
[2024-10-21T22:10:48.186+0000] {spark_submit.py:649} INFO - (spark.serializer,org.apache.spark.serializer.KryoSerializer)
[2024-10-21T22:10:48.186+0000] {spark_submit.py:649} INFO - (spark.sql.shuffle.partitions,12)
[2024-10-21T22:10:48.186+0000] {spark_submit.py:649} INFO - (spark.ui.port,4050)
[2024-10-21T22:10:48.186+0000] {spark_submit.py:649} INFO - 
[2024-10-21T22:10:48.186+0000] {spark_submit.py:649} INFO - 
[2024-10-21T22:10:48.279+0000] {spark_submit.py:649} INFO - Main class:
[2024-10-21T22:10:48.280+0000] {spark_submit.py:649} INFO - org.apache.spark.deploy.PythonRunner
[2024-10-21T22:10:48.280+0000] {spark_submit.py:649} INFO - Arguments:
[2024-10-21T22:10:48.280+0000] {spark_submit.py:649} INFO - file:/opt/***/scripts/news_processing.py
[2024-10-21T22:10:48.280+0000] {spark_submit.py:649} INFO - null
[2024-10-21T22:10:48.280+0000] {spark_submit.py:649} INFO - Spark config:
[2024-10-21T22:10:48.281+0000] {spark_submit.py:649} INFO - (spark.app.name,LDA_Job)
[2024-10-21T22:10:48.281+0000] {spark_submit.py:649} INFO - (spark.app.submitTime,1729548648271)
[2024-10-21T22:10:48.281+0000] {spark_submit.py:649} INFO - (spark.default.parallelism,12)
[2024-10-21T22:10:48.281+0000] {spark_submit.py:649} INFO - (spark.driver.cores,2)
[2024-10-21T22:10:48.281+0000] {spark_submit.py:649} INFO - (spark.driver.memory,4g)
[2024-10-21T22:10:48.281+0000] {spark_submit.py:649} INFO - (spark.dynamicAllocation.enabled,true)
[2024-10-21T22:10:48.282+0000] {spark_submit.py:649} INFO - (spark.dynamicAllocation.maxExecutors,6)
[2024-10-21T22:10:48.282+0000] {spark_submit.py:649} INFO - (spark.dynamicAllocation.minExecutors,3)
[2024-10-21T22:10:48.282+0000] {spark_submit.py:649} INFO - (spark.executor.cores,2)
[2024-10-21T22:10:48.282+0000] {spark_submit.py:649} INFO - (spark.executor.instances,3)
[2024-10-21T22:10:48.282+0000] {spark_submit.py:649} INFO - (spark.executor.memory,5g)
[2024-10-21T22:10:48.282+0000] {spark_submit.py:649} INFO - (spark.executor.memoryOverhead,1024m)
[2024-10-21T22:10:48.282+0000] {spark_submit.py:649} INFO - (spark.master,spark://spark-master:7077)
[2024-10-21T22:10:48.283+0000] {spark_submit.py:649} INFO - (spark.serializer,org.apache.spark.serializer.KryoSerializer)
[2024-10-21T22:10:48.283+0000] {spark_submit.py:649} INFO - (spark.sql.shuffle.partitions,12)
[2024-10-21T22:10:48.283+0000] {spark_submit.py:649} INFO - (spark.submit.deployMode,client)
[2024-10-21T22:10:48.283+0000] {spark_submit.py:649} INFO - (spark.submit.pyFiles,)
[2024-10-21T22:10:48.283+0000] {spark_submit.py:649} INFO - (spark.ui.port,4050)
[2024-10-21T22:10:48.284+0000] {spark_submit.py:649} INFO - Classpath elements:
[2024-10-21T22:10:48.284+0000] {spark_submit.py:649} INFO - 
[2024-10-21T22:10:48.284+0000] {spark_submit.py:649} INFO - 
[2024-10-21T22:10:48.284+0000] {spark_submit.py:649} INFO - 
[2024-10-21T22:10:48.926+0000] {spark_submit.py:649} INFO - 24/10/21 22:10:48 INFO SparkContext: Running Spark version 3.5.3
[2024-10-21T22:10:48.926+0000] {spark_submit.py:649} INFO - 24/10/21 22:10:48 INFO SparkContext: OS info Linux, 6.6.22-linuxkit, aarch64
[2024-10-21T22:10:48.927+0000] {spark_submit.py:649} INFO - 24/10/21 22:10:48 INFO SparkContext: Java version 17.0.13
[2024-10-21T22:10:48.950+0000] {spark_submit.py:649} INFO - 24/10/21 22:10:48 WARN NativeCodeLoader: Unable to load native-hadoop library for your platform... using builtin-java classes where applicable
[2024-10-21T22:10:48.983+0000] {spark_submit.py:649} INFO - 24/10/21 22:10:48 INFO ResourceUtils: ==============================================================
[2024-10-21T22:10:48.983+0000] {spark_submit.py:649} INFO - 24/10/21 22:10:48 INFO ResourceUtils: No custom resources configured for spark.driver.
[2024-10-21T22:10:48.984+0000] {spark_submit.py:649} INFO - 24/10/21 22:10:48 INFO ResourceUtils: ==============================================================
[2024-10-21T22:10:48.984+0000] {spark_submit.py:649} INFO - 24/10/21 22:10:48 INFO SparkContext: Submitted application: LDA News Topic Modeling
[2024-10-21T22:10:48.993+0000] {spark_submit.py:649} INFO - 24/10/21 22:10:48 INFO ResourceProfile: Default ResourceProfile created, executor resources: Map(memoryOverhead -> name: memoryOverhead, amount: 1024, script: , vendor: , cores -> name: cores, amount: 2, script: , vendor: , memory -> name: memory, amount: 5120, script: , vendor: , offHeap -> name: offHeap, amount: 0, script: , vendor: ), task resources: Map(cpus -> name: cpus, amount: 1.0)
[2024-10-21T22:10:48.997+0000] {spark_submit.py:649} INFO - 24/10/21 22:10:48 INFO ResourceProfile: Limiting resource is cpus at 2 tasks per executor
[2024-10-21T22:10:48.998+0000] {spark_submit.py:649} INFO - 24/10/21 22:10:48 INFO ResourceProfileManager: Added ResourceProfile id: 0
[2024-10-21T22:10:49.020+0000] {spark_submit.py:649} INFO - 24/10/21 22:10:49 INFO SecurityManager: Changing view acls to: ***
[2024-10-21T22:10:49.021+0000] {spark_submit.py:649} INFO - 24/10/21 22:10:49 INFO SecurityManager: Changing modify acls to: ***
[2024-10-21T22:10:49.021+0000] {spark_submit.py:649} INFO - 24/10/21 22:10:49 INFO SecurityManager: Changing view acls groups to:
[2024-10-21T22:10:49.021+0000] {spark_submit.py:649} INFO - 24/10/21 22:10:49 INFO SecurityManager: Changing modify acls groups to:
[2024-10-21T22:10:49.021+0000] {spark_submit.py:649} INFO - 24/10/21 22:10:49 INFO SecurityManager: SecurityManager: authentication disabled; ui acls disabled; users with view permissions: ***; groups with view permissions: EMPTY; users with modify permissions: ***; groups with modify permissions: EMPTY
[2024-10-21T22:10:49.116+0000] {spark_submit.py:649} INFO - 24/10/21 22:10:49 INFO Utils: Successfully started service 'sparkDriver' on port 42681.
[2024-10-21T22:10:49.128+0000] {spark_submit.py:649} INFO - 24/10/21 22:10:49 INFO SparkEnv: Registering MapOutputTracker
[2024-10-21T22:10:49.141+0000] {spark_submit.py:649} INFO - 24/10/21 22:10:49 INFO SparkEnv: Registering BlockManagerMaster
[2024-10-21T22:10:49.149+0000] {spark_submit.py:649} INFO - 24/10/21 22:10:49 INFO BlockManagerMasterEndpoint: Using org.apache.spark.storage.DefaultTopologyMapper for getting topology information
[2024-10-21T22:10:49.150+0000] {spark_submit.py:649} INFO - 24/10/21 22:10:49 INFO BlockManagerMasterEndpoint: BlockManagerMasterEndpoint up
[2024-10-21T22:10:49.151+0000] {spark_submit.py:649} INFO - 24/10/21 22:10:49 INFO SparkEnv: Registering BlockManagerMasterHeartbeat
[2024-10-21T22:10:49.163+0000] {spark_submit.py:649} INFO - 24/10/21 22:10:49 INFO DiskBlockManager: Created local directory at /tmp/blockmgr-2d518e83-f7d6-40d2-a952-fef23d44807b
[2024-10-21T22:10:49.168+0000] {spark_submit.py:649} INFO - 24/10/21 22:10:49 INFO MemoryStore: MemoryStore started with capacity 2.2 GiB
[2024-10-21T22:10:49.174+0000] {spark_submit.py:649} INFO - 24/10/21 22:10:49 INFO SparkEnv: Registering OutputCommitCoordinator
[2024-10-21T22:10:49.220+0000] {spark_submit.py:649} INFO - 24/10/21 22:10:49 INFO JettyUtils: Start Jetty 0.0.0.0:4050 for SparkUI
[2024-10-21T22:10:49.243+0000] {spark_submit.py:649} INFO - 24/10/21 22:10:49 INFO Utils: Successfully started service 'SparkUI' on port 4050.
[2024-10-21T22:10:49.292+0000] {spark_submit.py:649} INFO - 24/10/21 22:10:49 INFO StandaloneAppClient$ClientEndpoint: Connecting to master spark://spark-master:7077...
[2024-10-21T22:10:49.309+0000] {spark_submit.py:649} INFO - 24/10/21 22:10:49 INFO TransportClientFactory: Successfully created connection to spark-master/172.19.0.4:7077 after 9 ms (0 ms spent in bootstraps)
[2024-10-21T22:10:49.344+0000] {spark_submit.py:649} INFO - 24/10/21 22:10:49 INFO StandaloneSchedulerBackend: Connected to Spark cluster with app ID app-20241021221049-0003
[2024-10-21T22:10:49.348+0000] {spark_submit.py:649} INFO - 24/10/21 22:10:49 INFO Utils: Successfully started service 'org.apache.spark.network.netty.NettyBlockTransferService' on port 43091.
[2024-10-21T22:10:49.349+0000] {spark_submit.py:649} INFO - 24/10/21 22:10:49 INFO NettyBlockTransferService: Server created on 17bb0edcf65f:43091
[2024-10-21T22:10:49.349+0000] {spark_submit.py:649} INFO - 24/10/21 22:10:49 INFO BlockManager: Using org.apache.spark.storage.RandomBlockReplicationPolicy for block replication policy
[2024-10-21T22:10:49.351+0000] {spark_submit.py:649} INFO - 24/10/21 22:10:49 INFO BlockManagerMaster: Registering BlockManager BlockManagerId(driver, 17bb0edcf65f, 43091, None)
[2024-10-21T22:10:49.353+0000] {spark_submit.py:649} INFO - 24/10/21 22:10:49 INFO BlockManagerMasterEndpoint: Registering block manager 17bb0edcf65f:43091 with 2.2 GiB RAM, BlockManagerId(driver, 17bb0edcf65f, 43091, None)
[2024-10-21T22:10:49.354+0000] {spark_submit.py:649} INFO - 24/10/21 22:10:49 INFO BlockManagerMaster: Registered BlockManager BlockManagerId(driver, 17bb0edcf65f, 43091, None)
[2024-10-21T22:10:49.354+0000] {spark_submit.py:649} INFO - 24/10/21 22:10:49 INFO BlockManager: Initialized BlockManager: BlockManagerId(driver, 17bb0edcf65f, 43091, None)
[2024-10-21T22:10:49.400+0000] {spark_submit.py:649} INFO - 24/10/21 22:10:49 INFO Utils: Using initial executors = 3, max of spark.dynamicAllocation.initialExecutors, spark.dynamicAllocation.minExecutors and spark.executor.instances
[2024-10-21T22:10:49.401+0000] {spark_submit.py:649} INFO - 24/10/21 22:10:49 INFO ExecutorAllocationManager: Dynamic allocation is enabled without a shuffle service.
[2024-10-21T22:10:49.414+0000] {spark_submit.py:649} INFO - 24/10/21 22:10:49 INFO StandaloneAppClient$ClientEndpoint: Executor added: app-20241021221049-0003/0 on worker-20241021220759-172.19.0.6-44775 (172.19.0.6:44775) with 2 core(s)
[2024-10-21T22:10:49.415+0000] {spark_submit.py:649} INFO - 24/10/21 22:10:49 INFO StandaloneSchedulerBackend: Granted executor ID app-20241021221049-0003/0 on hostPort 172.19.0.6:44775 with 2 core(s), 5.0 GiB RAM
[2024-10-21T22:10:49.431+0000] {spark_submit.py:649} INFO - 24/10/21 22:10:49 INFO StandaloneAppClient$ClientEndpoint: Executor updated: app-20241021221049-0003/0 is now RUNNING
[2024-10-21T22:10:49.441+0000] {spark_submit.py:649} INFO - 24/10/21 22:10:49 INFO StandaloneSchedulerBackend: SchedulerBackend is ready for scheduling beginning after reached minRegisteredResourcesRatio: 0.0
[2024-10-21T22:10:49.510+0000] {spark_submit.py:649} INFO - INFO:__main__:Spark session initialized.
[2024-10-21T22:10:49.511+0000] {spark_submit.py:649} INFO - INFO:__main__:Reading articles from: /opt/***/data/news_articles.json
[2024-10-21T22:10:49.539+0000] {spark_submit.py:649} INFO - 24/10/21 22:10:49 INFO SharedState: Setting hive.metastore.warehouse.dir ('null') to the value of spark.sql.warehouse.dir.
[2024-10-21T22:10:49.541+0000] {spark_submit.py:649} INFO - 24/10/21 22:10:49 INFO SharedState: Warehouse path is 'file:/opt/***/spark-warehouse'.
[2024-10-21T22:10:49.853+0000] {spark_submit.py:649} INFO - 24/10/21 22:10:49 INFO InMemoryFileIndex: It took 19 ms to list leaf files for 1 paths.
[2024-10-21T22:10:49.879+0000] {spark_submit.py:649} INFO - 24/10/21 22:10:49 INFO InMemoryFileIndex: It took 1 ms to list leaf files for 1 paths.
[2024-10-21T22:10:50.423+0000] {spark_submit.py:649} INFO - 24/10/21 22:10:50 INFO StandaloneSchedulerBackend$StandaloneDriverEndpoint: Registered executor NettyRpcEndpointRef(spark-client://Executor) (172.19.0.6:59564) with ID 0,  ResourceProfileId 0
[2024-10-21T22:10:50.427+0000] {spark_submit.py:649} INFO - 24/10/21 22:10:50 INFO ExecutorMonitor: New executor 0 has registered (new total is 1)
[2024-10-21T22:10:50.449+0000] {spark_submit.py:649} INFO - 24/10/21 22:10:50 INFO BlockManagerMasterEndpoint: Registering block manager 172.19.0.6:37587 with 2.8 GiB RAM, BlockManagerId(0, 172.19.0.6, 37587, None)
[2024-10-21T22:10:50.666+0000] {spark_submit.py:649} INFO - 24/10/21 22:10:50 INFO FileSourceStrategy: Pushed Filters:
[2024-10-21T22:10:50.667+0000] {spark_submit.py:649} INFO - 24/10/21 22:10:50 INFO FileSourceStrategy: Post-Scan Filters:
[2024-10-21T22:10:50.751+0000] {spark_submit.py:649} INFO - 24/10/21 22:10:50 INFO MemoryStore: Block broadcast_0 stored as values in memory (estimated size 201.4 KiB, free 2.2 GiB)
[2024-10-21T22:10:50.835+0000] {spark_submit.py:649} INFO - 24/10/21 22:10:50 INFO MemoryStore: Block broadcast_0_piece0 stored as bytes in memory (estimated size 34.7 KiB, free 2.2 GiB)
[2024-10-21T22:10:50.836+0000] {spark_submit.py:649} INFO - 24/10/21 22:10:50 INFO BlockManagerInfo: Added broadcast_0_piece0 in memory on 17bb0edcf65f:43091 (size: 34.7 KiB, free: 2.2 GiB)
[2024-10-21T22:10:50.838+0000] {spark_submit.py:649} INFO - 24/10/21 22:10:50 INFO SparkContext: Created broadcast 0 from json at NativeMethodAccessorImpl.java:0
[2024-10-21T22:10:50.842+0000] {spark_submit.py:649} INFO - 24/10/21 22:10:50 INFO FileSourceScanExec: Planning scan with bin packing, max size: 4194304 bytes, open cost is considered as scanning 4194304 bytes.
[2024-10-21T22:10:50.896+0000] {spark_submit.py:649} INFO - 24/10/21 22:10:50 INFO SparkContext: Starting job: json at NativeMethodAccessorImpl.java:0
[2024-10-21T22:10:50.905+0000] {spark_submit.py:649} INFO - 24/10/21 22:10:50 INFO DAGScheduler: Got job 0 (json at NativeMethodAccessorImpl.java:0) with 1 output partitions
[2024-10-21T22:10:50.906+0000] {spark_submit.py:649} INFO - 24/10/21 22:10:50 INFO DAGScheduler: Final stage: ResultStage 0 (json at NativeMethodAccessorImpl.java:0)
[2024-10-21T22:10:50.906+0000] {spark_submit.py:649} INFO - 24/10/21 22:10:50 INFO DAGScheduler: Parents of final stage: List()
[2024-10-21T22:10:50.907+0000] {spark_submit.py:649} INFO - 24/10/21 22:10:50 INFO DAGScheduler: Missing parents: List()
[2024-10-21T22:10:50.907+0000] {spark_submit.py:649} INFO - 24/10/21 22:10:50 INFO DAGScheduler: Submitting ResultStage 0 (MapPartitionsRDD[3] at json at NativeMethodAccessorImpl.java:0), which has no missing parents
[2024-10-21T22:10:50.938+0000] {spark_submit.py:649} INFO - 24/10/21 22:10:50 INFO MemoryStore: Block broadcast_1 stored as values in memory (estimated size 16.6 KiB, free 2.2 GiB)
[2024-10-21T22:10:50.939+0000] {spark_submit.py:649} INFO - 24/10/21 22:10:50 INFO MemoryStore: Block broadcast_1_piece0 stored as bytes in memory (estimated size 7.8 KiB, free 2.2 GiB)
[2024-10-21T22:10:50.939+0000] {spark_submit.py:649} INFO - 24/10/21 22:10:50 INFO BlockManagerInfo: Added broadcast_1_piece0 in memory on 17bb0edcf65f:43091 (size: 7.8 KiB, free: 2.2 GiB)
[2024-10-21T22:10:50.939+0000] {spark_submit.py:649} INFO - 24/10/21 22:10:50 INFO SparkContext: Created broadcast 1 from broadcast at DAGScheduler.scala:1585
[2024-10-21T22:10:50.947+0000] {spark_submit.py:649} INFO - 24/10/21 22:10:50 INFO DAGScheduler: Submitting 1 missing tasks from ResultStage 0 (MapPartitionsRDD[3] at json at NativeMethodAccessorImpl.java:0) (first 15 tasks are for partitions Vector(0))
[2024-10-21T22:10:50.948+0000] {spark_submit.py:649} INFO - 24/10/21 22:10:50 INFO TaskSchedulerImpl: Adding task set 0.0 with 1 tasks resource profile 0
[2024-10-21T22:10:50.958+0000] {spark_submit.py:649} INFO - 24/10/21 22:10:50 INFO TaskSetManager: Starting task 0.0 in stage 0.0 (TID 0) (172.19.0.6, executor 0, partition 0, PROCESS_LOCAL, 9609 bytes)
[2024-10-21T22:11:27.310+0000] {spark_submit.py:649} INFO - 24/10/21 22:11:27 INFO StandaloneAppClient$ClientEndpoint: Executor added: app-20241021221049-0003/1 on worker-20241021220759-172.19.0.6-44775 (172.19.0.6:44775) with 2 core(s)
[2024-10-21T22:11:27.311+0000] {spark_submit.py:649} INFO - 24/10/21 22:11:27 INFO StandaloneSchedulerBackend: Granted executor ID app-20241021221049-0003/1 on hostPort 172.19.0.6:44775 with 2 core(s), 5.0 GiB RAM
[2024-10-21T22:11:27.312+0000] {spark_submit.py:649} INFO - 24/10/21 22:11:27 INFO StandaloneAppClient$ClientEndpoint: Executor added: app-20241021221049-0003/2 on worker-20241021220759-172.19.0.6-44775 (172.19.0.6:44775) with 2 core(s)
[2024-10-21T22:11:27.313+0000] {spark_submit.py:649} INFO - 24/10/21 22:11:27 INFO StandaloneSchedulerBackend: Granted executor ID app-20241021221049-0003/2 on hostPort 172.19.0.6:44775 with 2 core(s), 5.0 GiB RAM
[2024-10-21T22:11:27.331+0000] {spark_submit.py:649} INFO - 24/10/21 22:11:27 INFO StandaloneAppClient$ClientEndpoint: Executor updated: app-20241021221049-0003/1 is now RUNNING
[2024-10-21T22:11:27.340+0000] {spark_submit.py:649} INFO - 24/10/21 22:11:27 INFO StandaloneAppClient$ClientEndpoint: Executor updated: app-20241021221049-0003/2 is now RUNNING
[2024-10-21T22:11:27.819+0000] {local_task_job_runner.py:346} WARNING - State of this instance has been externally set to None. Terminating instance.
[2024-10-21T22:11:27.819+0000] {local_task_job_runner.py:245} INFO - ::endgroup::
[2024-10-21T22:11:27.820+0000] {process_utils.py:132} INFO - Sending 15 to group 622. PIDs of all processes in the group: [624, 682, 622]
[2024-10-21T22:11:27.821+0000] {process_utils.py:87} INFO - Sending the signal 15 to group 622
[2024-10-21T22:11:27.821+0000] {taskinstance.py:3092} ERROR - Received SIGTERM. Terminating subprocesses.
[2024-10-21T22:11:27.822+0000] {spark_submit.py:775} INFO - Sending kill signal to spark-submit
[2024-10-21T22:11:27.828+0000] {taskinstance.py:3310} ERROR - Task failed with exception
Traceback (most recent call last):
  File "/home/airflow/.local/lib/python3.8/site-packages/airflow/models/taskinstance.py", line 762, in _execute_task
    result = _execute_callable(context=context, **execute_callable_kwargs)
  File "/home/airflow/.local/lib/python3.8/site-packages/airflow/models/taskinstance.py", line 733, in _execute_callable
    return ExecutionCallableRunner(
  File "/home/airflow/.local/lib/python3.8/site-packages/airflow/utils/operator_helpers.py", line 252, in run
    return self.func(*args, **kwargs)
  File "/home/airflow/.local/lib/python3.8/site-packages/airflow/models/baseoperator.py", line 406, in wrapper
    return func(self, *args, **kwargs)
  File "/home/airflow/.local/lib/python3.8/site-packages/airflow/providers/apache/spark/operators/spark_submit.py", line 176, in execute
    self._hook.submit(self.application)
  File "/home/airflow/.local/lib/python3.8/site-packages/airflow/providers/apache/spark/hooks/spark_submit.py", line 563, in submit
    self._process_spark_submit_log(iter(self._submit_sp.stdout))  # type: ignore
  File "/home/airflow/.local/lib/python3.8/site-packages/airflow/providers/apache/spark/hooks/spark_submit.py", line 612, in _process_spark_submit_log
    for line in itr:
  File "/home/airflow/.local/lib/python3.8/site-packages/airflow/models/taskinstance.py", line 3094, in signal_handler
    raise AirflowTaskTerminated("Task received SIGTERM signal")
airflow.exceptions.AirflowTaskTerminated: Task received SIGTERM signal
[2024-10-21T22:11:27.831+0000] {taskinstance.py:1225} INFO - Marking task as UP_FOR_RETRY. dag_id=newsapi_etl_with_spark, task_id=spark_submit_task, run_id=scheduled__2024-10-20T00:00:00+00:00, execution_date=20241020T000000, start_date=20241021T221047, end_date=20241021T221127
[2024-10-21T22:11:27.843+0000] {taskinstance.py:340} INFO - ::group::Post task execution logs
[2024-10-21T22:11:27.844+0000] {standard_task_runner.py:124} ERROR - Failed to execute job 37 for task spark_submit_task ((pymysql.err.IntegrityError) (1452, 'Cannot add or update a child row: a foreign key constraint fails (`***_db`.`task_fail`, CONSTRAINT `task_fail_ti_fkey` FOREIGN KEY (`dag_id`, `task_id`, `run_id`, `map_index`) REFERENCES `task_instance` (`dag_id`, `task_id`, `run_id`, `map_index`) ON DEL)')
[SQL: INSERT INTO task_fail (task_id, dag_id, run_id, map_index, start_date, end_date, duration) VALUES (%(task_id)s, %(dag_id)s, %(run_id)s, %(map_index)s, %(start_date)s, %(end_date)s, %(duration)s)]
[parameters: {'task_id': 'spark_submit_task', 'dag_id': 'newsapi_etl_with_spark', 'run_id': 'scheduled__2024-10-20T00:00:00+00:00', 'map_index': -1, 'start_date': datetime.datetime(2024, 10, 21, 22, 10, 47, 544509), 'end_date': datetime.datetime(2024, 10, 21, 22, 11, 27, 830921), 'duration': 40}]
(Background on this error at: https://sqlalche.me/e/14/gkpj); 622)
Traceback (most recent call last):
  File "/home/airflow/.local/lib/python3.8/site-packages/airflow/models/taskinstance.py", line 273, in _run_raw_task
    TaskInstance._execute_task_with_callbacks(
  File "/home/airflow/.local/lib/python3.8/site-packages/airflow/models/taskinstance.py", line 3158, in _execute_task_with_callbacks
    result = self._execute_task(context, task_orig)
  File "/home/airflow/.local/lib/python3.8/site-packages/airflow/models/taskinstance.py", line 3182, in _execute_task
    return _execute_task(self, context, task_orig)
  File "/home/airflow/.local/lib/python3.8/site-packages/airflow/models/taskinstance.py", line 762, in _execute_task
    result = _execute_callable(context=context, **execute_callable_kwargs)
  File "/home/airflow/.local/lib/python3.8/site-packages/airflow/models/taskinstance.py", line 733, in _execute_callable
    return ExecutionCallableRunner(
  File "/home/airflow/.local/lib/python3.8/site-packages/airflow/utils/operator_helpers.py", line 252, in run
    return self.func(*args, **kwargs)
  File "/home/airflow/.local/lib/python3.8/site-packages/airflow/models/baseoperator.py", line 406, in wrapper
    return func(self, *args, **kwargs)
  File "/home/airflow/.local/lib/python3.8/site-packages/airflow/providers/apache/spark/operators/spark_submit.py", line 176, in execute
    self._hook.submit(self.application)
  File "/home/airflow/.local/lib/python3.8/site-packages/airflow/providers/apache/spark/hooks/spark_submit.py", line 563, in submit
    self._process_spark_submit_log(iter(self._submit_sp.stdout))  # type: ignore
  File "/home/airflow/.local/lib/python3.8/site-packages/airflow/providers/apache/spark/hooks/spark_submit.py", line 612, in _process_spark_submit_log
    for line in itr:
  File "/home/airflow/.local/lib/python3.8/site-packages/airflow/models/taskinstance.py", line 3094, in signal_handler
    raise AirflowTaskTerminated("Task received SIGTERM signal")
airflow.exceptions.AirflowTaskTerminated: Task received SIGTERM signal

During handling of the above exception, another exception occurred:

Traceback (most recent call last):
  File "/home/airflow/.local/lib/python3.8/site-packages/sqlalchemy/engine/base.py", line 1910, in _execute_context
    self.dialect.do_execute(
  File "/home/airflow/.local/lib/python3.8/site-packages/sqlalchemy/engine/default.py", line 736, in do_execute
    cursor.execute(statement, parameters)
  File "/home/airflow/.local/lib/python3.8/site-packages/pymysql/cursors.py", line 153, in execute
    result = self._query(query)
  File "/home/airflow/.local/lib/python3.8/site-packages/pymysql/cursors.py", line 322, in _query
    conn.query(q)
  File "/home/airflow/.local/lib/python3.8/site-packages/pymysql/connections.py", line 563, in query
    self._affected_rows = self._read_query_result(unbuffered=unbuffered)
  File "/home/airflow/.local/lib/python3.8/site-packages/pymysql/connections.py", line 825, in _read_query_result
    result.read()
  File "/home/airflow/.local/lib/python3.8/site-packages/pymysql/connections.py", line 1199, in read
    first_packet = self.connection._read_packet()
  File "/home/airflow/.local/lib/python3.8/site-packages/pymysql/connections.py", line 775, in _read_packet
    packet.raise_for_error()
  File "/home/airflow/.local/lib/python3.8/site-packages/pymysql/protocol.py", line 219, in raise_for_error
    err.raise_mysql_exception(self._data)
  File "/home/airflow/.local/lib/python3.8/site-packages/pymysql/err.py", line 150, in raise_mysql_exception
    raise errorclass(errno, errval)
pymysql.err.IntegrityError: (1452, 'Cannot add or update a child row: a foreign key constraint fails (`***_db`.`task_fail`, CONSTRAINT `task_fail_ti_fkey` FOREIGN KEY (`dag_id`, `task_id`, `run_id`, `map_index`) REFERENCES `task_instance` (`dag_id`, `task_id`, `run_id`, `map_index`) ON DEL)')

The above exception was the direct cause of the following exception:

Traceback (most recent call last):
  File "/home/airflow/.local/lib/python3.8/site-packages/airflow/task/task_runner/standard_task_runner.py", line 117, in _start_by_fork
    ret = args.func(args, dag=self.dag)
  File "/home/airflow/.local/lib/python3.8/site-packages/airflow/cli/cli_config.py", line 49, in command
    return func(*args, **kwargs)
  File "/home/airflow/.local/lib/python3.8/site-packages/airflow/utils/cli.py", line 115, in wrapper
    return f(*args, **kwargs)
  File "/home/airflow/.local/lib/python3.8/site-packages/airflow/cli/commands/task_command.py", line 483, in task_run
    task_return_code = _run_task_by_selected_method(args, _dag, ti)
  File "/home/airflow/.local/lib/python3.8/site-packages/airflow/cli/commands/task_command.py", line 256, in _run_task_by_selected_method
    return _run_raw_task(args, ti)
  File "/home/airflow/.local/lib/python3.8/site-packages/airflow/cli/commands/task_command.py", line 341, in _run_raw_task
    return ti._run_raw_task(
  File "/home/airflow/.local/lib/python3.8/site-packages/airflow/utils/session.py", line 97, in wrapper
    return func(*args, session=session, **kwargs)
  File "/home/airflow/.local/lib/python3.8/site-packages/airflow/models/taskinstance.py", line 3004, in _run_raw_task
    return _run_raw_task(
  File "/home/airflow/.local/lib/python3.8/site-packages/airflow/models/taskinstance.py", line 327, in _run_raw_task
    ti.handle_failure(e, test_mode, context, session=session)
  File "/home/airflow/.local/lib/python3.8/site-packages/airflow/utils/session.py", line 94, in wrapper
    return func(*args, **kwargs)
  File "/home/airflow/.local/lib/python3.8/site-packages/airflow/models/taskinstance.py", line 3427, in handle_failure
    _handle_failure(
  File "/home/airflow/.local/lib/python3.8/site-packages/airflow/utils/session.py", line 94, in wrapper
    return func(*args, **kwargs)
  File "/home/airflow/.local/lib/python3.8/site-packages/airflow/api_internal/internal_api_call.py", line 139, in wrapper
    return func(*args, **kwargs)
  File "/home/airflow/.local/lib/python3.8/site-packages/airflow/models/taskinstance.py", line 1243, in _handle_failure
    TaskInstance.save_to_db(failure_context["ti"], session)
  File "/home/airflow/.local/lib/python3.8/site-packages/airflow/api_internal/internal_api_call.py", line 139, in wrapper
    return func(*args, **kwargs)
  File "/home/airflow/.local/lib/python3.8/site-packages/airflow/utils/session.py", line 94, in wrapper
    return func(*args, **kwargs)
  File "/home/airflow/.local/lib/python3.8/site-packages/airflow/models/taskinstance.py", line 3399, in save_to_db
    session.flush()
  File "/home/airflow/.local/lib/python3.8/site-packages/sqlalchemy/orm/session.py", line 3449, in flush
    self._flush(objects)
  File "/home/airflow/.local/lib/python3.8/site-packages/sqlalchemy/orm/session.py", line 3589, in _flush
    transaction.rollback(_capture_exception=True)
  File "/home/airflow/.local/lib/python3.8/site-packages/sqlalchemy/util/langhelpers.py", line 70, in __exit__
    compat.raise_(
  File "/home/airflow/.local/lib/python3.8/site-packages/sqlalchemy/util/compat.py", line 211, in raise_
    raise exception
  File "/home/airflow/.local/lib/python3.8/site-packages/sqlalchemy/orm/session.py", line 3549, in _flush
    flush_context.execute()
  File "/home/airflow/.local/lib/python3.8/site-packages/sqlalchemy/orm/unitofwork.py", line 456, in execute
    rec.execute(self)
  File "/home/airflow/.local/lib/python3.8/site-packages/sqlalchemy/orm/unitofwork.py", line 630, in execute
    util.preloaded.orm_persistence.save_obj(
  File "/home/airflow/.local/lib/python3.8/site-packages/sqlalchemy/orm/persistence.py", line 245, in save_obj
    _emit_insert_statements(
  File "/home/airflow/.local/lib/python3.8/site-packages/sqlalchemy/orm/persistence.py", line 1238, in _emit_insert_statements
    result = connection._execute_20(
  File "/home/airflow/.local/lib/python3.8/site-packages/sqlalchemy/engine/base.py", line 1710, in _execute_20
    return meth(self, args_10style, kwargs_10style, execution_options)
  File "/home/airflow/.local/lib/python3.8/site-packages/sqlalchemy/sql/elements.py", line 334, in _execute_on_connection
    return connection._execute_clauseelement(
  File "/home/airflow/.local/lib/python3.8/site-packages/sqlalchemy/engine/base.py", line 1577, in _execute_clauseelement
    ret = self._execute_context(
  File "/home/airflow/.local/lib/python3.8/site-packages/sqlalchemy/engine/base.py", line 1953, in _execute_context
    self._handle_dbapi_exception(
  File "/home/airflow/.local/lib/python3.8/site-packages/sqlalchemy/engine/base.py", line 2134, in _handle_dbapi_exception
    util.raise_(
  File "/home/airflow/.local/lib/python3.8/site-packages/sqlalchemy/util/compat.py", line 211, in raise_
    raise exception
  File "/home/airflow/.local/lib/python3.8/site-packages/sqlalchemy/engine/base.py", line 1910, in _execute_context
    self.dialect.do_execute(
  File "/home/airflow/.local/lib/python3.8/site-packages/sqlalchemy/engine/default.py", line 736, in do_execute
    cursor.execute(statement, parameters)
  File "/home/airflow/.local/lib/python3.8/site-packages/pymysql/cursors.py", line 153, in execute
    result = self._query(query)
  File "/home/airflow/.local/lib/python3.8/site-packages/pymysql/cursors.py", line 322, in _query
    conn.query(q)
  File "/home/airflow/.local/lib/python3.8/site-packages/pymysql/connections.py", line 563, in query
    self._affected_rows = self._read_query_result(unbuffered=unbuffered)
  File "/home/airflow/.local/lib/python3.8/site-packages/pymysql/connections.py", line 825, in _read_query_result
    result.read()
  File "/home/airflow/.local/lib/python3.8/site-packages/pymysql/connections.py", line 1199, in read
    first_packet = self.connection._read_packet()
  File "/home/airflow/.local/lib/python3.8/site-packages/pymysql/connections.py", line 775, in _read_packet
    packet.raise_for_error()
  File "/home/airflow/.local/lib/python3.8/site-packages/pymysql/protocol.py", line 219, in raise_for_error
    err.raise_mysql_exception(self._data)
  File "/home/airflow/.local/lib/python3.8/site-packages/pymysql/err.py", line 150, in raise_mysql_exception
    raise errorclass(errno, errval)
sqlalchemy.exc.IntegrityError: (pymysql.err.IntegrityError) (1452, 'Cannot add or update a child row: a foreign key constraint fails (`***_db`.`task_fail`, CONSTRAINT `task_fail_ti_fkey` FOREIGN KEY (`dag_id`, `task_id`, `run_id`, `map_index`) REFERENCES `task_instance` (`dag_id`, `task_id`, `run_id`, `map_index`) ON DEL)')
[SQL: INSERT INTO task_fail (task_id, dag_id, run_id, map_index, start_date, end_date, duration) VALUES (%(task_id)s, %(dag_id)s, %(run_id)s, %(map_index)s, %(start_date)s, %(end_date)s, %(duration)s)]
[parameters: {'task_id': 'spark_submit_task', 'dag_id': 'newsapi_etl_with_spark', 'run_id': 'scheduled__2024-10-20T00:00:00+00:00', 'map_index': -1, 'start_date': datetime.datetime(2024, 10, 21, 22, 10, 47, 544509), 'end_date': datetime.datetime(2024, 10, 21, 22, 11, 27, 830921), 'duration': 40}]
(Background on this error at: https://sqlalche.me/e/14/gkpj)
[2024-10-21T22:11:27.853+0000] {process_utils.py:80} INFO - Process psutil.Process(pid=622, status='terminated', exitcode=1, started='22:10:46') (622) terminated with exit code 1
[2024-10-21T22:11:27.855+0000] {process_utils.py:80} INFO - Process psutil.Process(pid=682, status='terminated', started='22:10:47') (682) terminated with exit code None
[2024-10-21T22:11:27.856+0000] {process_utils.py:80} INFO - Process psutil.Process(pid=624, status='terminated', started='22:10:46') (624) terminated with exit code None
[2024-10-21T22:11:44.271+0000] {local_task_job_runner.py:123} INFO - ::group::Pre task execution logs
[2024-10-21T22:11:44.277+0000] {taskinstance.py:2612} INFO - Dependencies all met for dep_context=non-requeueable deps ti=<TaskInstance: newsapi_etl_with_spark.spark_submit_task scheduled__2024-10-20T00:00:00+00:00 [queued]>
[2024-10-21T22:11:44.280+0000] {taskinstance.py:2612} INFO - Dependencies all met for dep_context=requeueable deps ti=<TaskInstance: newsapi_etl_with_spark.spark_submit_task scheduled__2024-10-20T00:00:00+00:00 [queued]>
[2024-10-21T22:11:44.280+0000] {taskinstance.py:2865} INFO - Starting attempt 1 of 2
[2024-10-21T22:11:44.286+0000] {taskinstance.py:2888} INFO - Executing <Task(SparkSubmitOperator): spark_submit_task> on 2024-10-20 00:00:00+00:00
[2024-10-21T22:11:44.288+0000] {standard_task_runner.py:72} INFO - Started process 922 to run task
[2024-10-21T22:11:44.290+0000] {standard_task_runner.py:104} INFO - Running: ['***', 'tasks', 'run', 'newsapi_etl_with_spark', 'spark_submit_task', 'scheduled__2024-10-20T00:00:00+00:00', '--job-id', '41', '--raw', '--subdir', 'DAGS_FOLDER/newsapi_etl_pipeline.py', '--cfg-path', '/tmp/tmpn27ppayp']
[2024-10-21T22:11:44.291+0000] {standard_task_runner.py:105} INFO - Job 41: Subtask spark_submit_task
[2024-10-21T22:11:44.305+0000] {task_command.py:467} INFO - Running <TaskInstance: newsapi_etl_with_spark.spark_submit_task scheduled__2024-10-20T00:00:00+00:00 [running]> on host 17bb0edcf65f
[2024-10-21T22:11:44.335+0000] {taskinstance.py:3131} INFO - Exporting env vars: AIRFLOW_CTX_DAG_OWNER='***' AIRFLOW_CTX_DAG_ID='newsapi_etl_with_spark' AIRFLOW_CTX_TASK_ID='spark_submit_task' AIRFLOW_CTX_EXECUTION_DATE='2024-10-20T00:00:00+00:00' AIRFLOW_CTX_TRY_NUMBER='1' AIRFLOW_CTX_DAG_RUN_ID='scheduled__2024-10-20T00:00:00+00:00'
[2024-10-21T22:11:44.335+0000] {taskinstance.py:731} INFO - ::endgroup::
[2024-10-21T22:11:44.339+0000] {base.py:84} INFO - Retrieving connection 'spark_conn'
[2024-10-21T22:11:44.339+0000] {spark_submit.py:473} INFO - Spark-Submit cmd: spark-submit --master spark://spark-master:7077 --conf spark.ui.port=4050 --conf spark.executor.instances=3 --conf spark.executor.memory=5g --conf spark.executor.cores=2 --conf spark.driver.memory=4g --conf spark.driver.cores=2 --conf spark.default.parallelism=12 --conf spark.serializer=org.apache.spark.serializer.KryoSerializer --conf spark.sql.shuffle.partitions=12 --conf spark.dynamicAllocation.enabled=true --conf spark.dynamicAllocation.minExecutors=3 --conf spark.dynamicAllocation.maxExecutors=6 --conf spark.executor.memoryOverhead=1024m --name LDA_Job --verbose --deploy-mode client /opt/***/scripts/news_processing.py
[2024-10-21T22:11:44.878+0000] {spark_submit.py:649} INFO - Using properties file: null
[2024-10-21T22:11:44.932+0000] {spark_submit.py:649} INFO - Parsed arguments:
[2024-10-21T22:11:44.933+0000] {spark_submit.py:649} INFO - master                  spark://spark-master:7077
[2024-10-21T22:11:44.933+0000] {spark_submit.py:649} INFO - remote                  null
[2024-10-21T22:11:44.933+0000] {spark_submit.py:649} INFO - deployMode              client
[2024-10-21T22:11:44.933+0000] {spark_submit.py:649} INFO - executorMemory          5g
[2024-10-21T22:11:44.933+0000] {spark_submit.py:649} INFO - executorCores           2
[2024-10-21T22:11:44.934+0000] {spark_submit.py:649} INFO - totalExecutorCores      null
[2024-10-21T22:11:44.934+0000] {spark_submit.py:649} INFO - propertiesFile          null
[2024-10-21T22:11:44.934+0000] {spark_submit.py:649} INFO - driverMemory            4g
[2024-10-21T22:11:44.934+0000] {spark_submit.py:649} INFO - driverCores             2
[2024-10-21T22:11:44.934+0000] {spark_submit.py:649} INFO - driverExtraClassPath    null
[2024-10-21T22:11:44.934+0000] {spark_submit.py:649} INFO - driverExtraLibraryPath  null
[2024-10-21T22:11:44.934+0000] {spark_submit.py:649} INFO - driverExtraJavaOptions  null
[2024-10-21T22:11:44.935+0000] {spark_submit.py:649} INFO - supervise               false
[2024-10-21T22:11:44.935+0000] {spark_submit.py:649} INFO - queue                   null
[2024-10-21T22:11:44.935+0000] {spark_submit.py:649} INFO - numExecutors            3
[2024-10-21T22:11:44.935+0000] {spark_submit.py:649} INFO - files                   null
[2024-10-21T22:11:44.935+0000] {spark_submit.py:649} INFO - pyFiles                 null
[2024-10-21T22:11:44.935+0000] {spark_submit.py:649} INFO - archives                null
[2024-10-21T22:11:44.936+0000] {spark_submit.py:649} INFO - mainClass               null
[2024-10-21T22:11:44.936+0000] {spark_submit.py:649} INFO - primaryResource         file:/opt/***/scripts/news_processing.py
[2024-10-21T22:11:44.936+0000] {spark_submit.py:649} INFO - name                    LDA_Job
[2024-10-21T22:11:44.936+0000] {spark_submit.py:649} INFO - childArgs               []
[2024-10-21T22:11:44.937+0000] {spark_submit.py:649} INFO - jars                    null
[2024-10-21T22:11:44.937+0000] {spark_submit.py:649} INFO - packages                null
[2024-10-21T22:11:44.937+0000] {spark_submit.py:649} INFO - packagesExclusions      null
[2024-10-21T22:11:44.937+0000] {spark_submit.py:649} INFO - repositories            null
[2024-10-21T22:11:44.937+0000] {spark_submit.py:649} INFO - verbose                 true
[2024-10-21T22:11:44.937+0000] {spark_submit.py:649} INFO - 
[2024-10-21T22:11:44.938+0000] {spark_submit.py:649} INFO - Spark properties used, including those specified through
[2024-10-21T22:11:44.938+0000] {spark_submit.py:649} INFO - --conf and those from the properties file null:
[2024-10-21T22:11:44.938+0000] {spark_submit.py:649} INFO - (spark.default.parallelism,12)
[2024-10-21T22:11:44.938+0000] {spark_submit.py:649} INFO - (spark.driver.cores,2)
[2024-10-21T22:11:44.939+0000] {spark_submit.py:649} INFO - (spark.driver.memory,4g)
[2024-10-21T22:11:44.939+0000] {spark_submit.py:649} INFO - (spark.dynamicAllocation.enabled,true)
[2024-10-21T22:11:44.939+0000] {spark_submit.py:649} INFO - (spark.dynamicAllocation.maxExecutors,6)
[2024-10-21T22:11:44.939+0000] {spark_submit.py:649} INFO - (spark.dynamicAllocation.minExecutors,3)
[2024-10-21T22:11:44.939+0000] {spark_submit.py:649} INFO - (spark.executor.cores,2)
[2024-10-21T22:11:44.940+0000] {spark_submit.py:649} INFO - (spark.executor.instances,3)
[2024-10-21T22:11:44.940+0000] {spark_submit.py:649} INFO - (spark.executor.memory,5g)
[2024-10-21T22:11:44.940+0000] {spark_submit.py:649} INFO - (spark.executor.memoryOverhead,1024m)
[2024-10-21T22:11:44.940+0000] {spark_submit.py:649} INFO - (spark.serializer,org.apache.spark.serializer.KryoSerializer)
[2024-10-21T22:11:44.940+0000] {spark_submit.py:649} INFO - (spark.sql.shuffle.partitions,12)
[2024-10-21T22:11:44.940+0000] {spark_submit.py:649} INFO - (spark.ui.port,4050)
[2024-10-21T22:11:44.941+0000] {spark_submit.py:649} INFO - 
[2024-10-21T22:11:44.941+0000] {spark_submit.py:649} INFO - 
[2024-10-21T22:11:45.039+0000] {spark_submit.py:649} INFO - Main class:
[2024-10-21T22:11:45.039+0000] {spark_submit.py:649} INFO - org.apache.spark.deploy.PythonRunner
[2024-10-21T22:11:45.040+0000] {spark_submit.py:649} INFO - Arguments:
[2024-10-21T22:11:45.040+0000] {spark_submit.py:649} INFO - file:/opt/***/scripts/news_processing.py
[2024-10-21T22:11:45.040+0000] {spark_submit.py:649} INFO - null
[2024-10-21T22:11:45.041+0000] {spark_submit.py:649} INFO - Spark config:
[2024-10-21T22:11:45.041+0000] {spark_submit.py:649} INFO - (spark.app.name,LDA_Job)
[2024-10-21T22:11:45.041+0000] {spark_submit.py:649} INFO - (spark.app.submitTime,1729548705030)
[2024-10-21T22:11:45.041+0000] {spark_submit.py:649} INFO - (spark.default.parallelism,12)
[2024-10-21T22:11:45.041+0000] {spark_submit.py:649} INFO - (spark.driver.cores,2)
[2024-10-21T22:11:45.042+0000] {spark_submit.py:649} INFO - (spark.driver.memory,4g)
[2024-10-21T22:11:45.042+0000] {spark_submit.py:649} INFO - (spark.dynamicAllocation.enabled,true)
[2024-10-21T22:11:45.042+0000] {spark_submit.py:649} INFO - (spark.dynamicAllocation.maxExecutors,6)
[2024-10-21T22:11:45.042+0000] {spark_submit.py:649} INFO - (spark.dynamicAllocation.minExecutors,3)
[2024-10-21T22:11:45.042+0000] {spark_submit.py:649} INFO - (spark.executor.cores,2)
[2024-10-21T22:11:45.042+0000] {spark_submit.py:649} INFO - (spark.executor.instances,3)
[2024-10-21T22:11:45.043+0000] {spark_submit.py:649} INFO - (spark.executor.memory,5g)
[2024-10-21T22:11:45.043+0000] {spark_submit.py:649} INFO - (spark.executor.memoryOverhead,1024m)
[2024-10-21T22:11:45.043+0000] {spark_submit.py:649} INFO - (spark.master,spark://spark-master:7077)
[2024-10-21T22:11:45.043+0000] {spark_submit.py:649} INFO - (spark.serializer,org.apache.spark.serializer.KryoSerializer)
[2024-10-21T22:11:45.044+0000] {spark_submit.py:649} INFO - (spark.sql.shuffle.partitions,12)
[2024-10-21T22:11:45.044+0000] {spark_submit.py:649} INFO - (spark.submit.deployMode,client)
[2024-10-21T22:11:45.044+0000] {spark_submit.py:649} INFO - (spark.submit.pyFiles,)
[2024-10-21T22:11:45.044+0000] {spark_submit.py:649} INFO - (spark.ui.port,4050)
[2024-10-21T22:11:45.044+0000] {spark_submit.py:649} INFO - Classpath elements:
[2024-10-21T22:11:45.045+0000] {spark_submit.py:649} INFO - 
[2024-10-21T22:11:45.045+0000] {spark_submit.py:649} INFO - 
[2024-10-21T22:11:45.045+0000] {spark_submit.py:649} INFO - 
[2024-10-21T22:11:45.679+0000] {spark_submit.py:649} INFO - 24/10/21 22:11:45 INFO SparkContext: Running Spark version 3.5.3
[2024-10-21T22:11:45.680+0000] {spark_submit.py:649} INFO - 24/10/21 22:11:45 INFO SparkContext: OS info Linux, 6.6.22-linuxkit, aarch64
[2024-10-21T22:11:45.680+0000] {spark_submit.py:649} INFO - 24/10/21 22:11:45 INFO SparkContext: Java version 17.0.13
[2024-10-21T22:11:45.702+0000] {spark_submit.py:649} INFO - 24/10/21 22:11:45 WARN NativeCodeLoader: Unable to load native-hadoop library for your platform... using builtin-java classes where applicable
[2024-10-21T22:11:45.735+0000] {spark_submit.py:649} INFO - 24/10/21 22:11:45 INFO ResourceUtils: ==============================================================
[2024-10-21T22:11:45.735+0000] {spark_submit.py:649} INFO - 24/10/21 22:11:45 INFO ResourceUtils: No custom resources configured for spark.driver.
[2024-10-21T22:11:45.735+0000] {spark_submit.py:649} INFO - 24/10/21 22:11:45 INFO ResourceUtils: ==============================================================
[2024-10-21T22:11:45.736+0000] {spark_submit.py:649} INFO - 24/10/21 22:11:45 INFO SparkContext: Submitted application: LDA News Topic Modeling
[2024-10-21T22:11:45.743+0000] {spark_submit.py:649} INFO - 24/10/21 22:11:45 INFO ResourceProfile: Default ResourceProfile created, executor resources: Map(memoryOverhead -> name: memoryOverhead, amount: 1024, script: , vendor: , cores -> name: cores, amount: 2, script: , vendor: , memory -> name: memory, amount: 5120, script: , vendor: , offHeap -> name: offHeap, amount: 0, script: , vendor: ), task resources: Map(cpus -> name: cpus, amount: 1.0)
[2024-10-21T22:11:45.746+0000] {spark_submit.py:649} INFO - 24/10/21 22:11:45 INFO ResourceProfile: Limiting resource is cpus at 2 tasks per executor
[2024-10-21T22:11:45.747+0000] {spark_submit.py:649} INFO - 24/10/21 22:11:45 INFO ResourceProfileManager: Added ResourceProfile id: 0
[2024-10-21T22:11:45.766+0000] {spark_submit.py:649} INFO - 24/10/21 22:11:45 INFO SecurityManager: Changing view acls to: ***
[2024-10-21T22:11:45.766+0000] {spark_submit.py:649} INFO - 24/10/21 22:11:45 INFO SecurityManager: Changing modify acls to: ***
[2024-10-21T22:11:45.766+0000] {spark_submit.py:649} INFO - 24/10/21 22:11:45 INFO SecurityManager: Changing view acls groups to:
[2024-10-21T22:11:45.766+0000] {spark_submit.py:649} INFO - 24/10/21 22:11:45 INFO SecurityManager: Changing modify acls groups to:
[2024-10-21T22:11:45.767+0000] {spark_submit.py:649} INFO - 24/10/21 22:11:45 INFO SecurityManager: SecurityManager: authentication disabled; ui acls disabled; users with view permissions: ***; groups with view permissions: EMPTY; users with modify permissions: ***; groups with modify permissions: EMPTY
[2024-10-21T22:11:45.847+0000] {spark_submit.py:649} INFO - 24/10/21 22:11:45 INFO Utils: Successfully started service 'sparkDriver' on port 40047.
[2024-10-21T22:11:45.859+0000] {spark_submit.py:649} INFO - 24/10/21 22:11:45 INFO SparkEnv: Registering MapOutputTracker
[2024-10-21T22:11:45.877+0000] {spark_submit.py:649} INFO - 24/10/21 22:11:45 INFO SparkEnv: Registering BlockManagerMaster
[2024-10-21T22:11:45.885+0000] {spark_submit.py:649} INFO - 24/10/21 22:11:45 INFO BlockManagerMasterEndpoint: Using org.apache.spark.storage.DefaultTopologyMapper for getting topology information
[2024-10-21T22:11:45.885+0000] {spark_submit.py:649} INFO - 24/10/21 22:11:45 INFO BlockManagerMasterEndpoint: BlockManagerMasterEndpoint up
[2024-10-21T22:11:45.887+0000] {spark_submit.py:649} INFO - 24/10/21 22:11:45 INFO SparkEnv: Registering BlockManagerMasterHeartbeat
[2024-10-21T22:11:45.894+0000] {spark_submit.py:649} INFO - 24/10/21 22:11:45 INFO DiskBlockManager: Created local directory at /tmp/blockmgr-adbe1cee-0c2b-47f7-a873-f13c826c0440
[2024-10-21T22:11:45.899+0000] {spark_submit.py:649} INFO - 24/10/21 22:11:45 INFO MemoryStore: MemoryStore started with capacity 2.2 GiB
[2024-10-21T22:11:45.904+0000] {spark_submit.py:649} INFO - 24/10/21 22:11:45 INFO SparkEnv: Registering OutputCommitCoordinator
[2024-10-21T22:11:45.948+0000] {spark_submit.py:649} INFO - 24/10/21 22:11:45 INFO JettyUtils: Start Jetty 0.0.0.0:4050 for SparkUI
[2024-10-21T22:11:45.970+0000] {spark_submit.py:649} INFO - 24/10/21 22:11:45 INFO Utils: Successfully started service 'SparkUI' on port 4050.
[2024-10-21T22:11:46.021+0000] {spark_submit.py:649} INFO - 24/10/21 22:11:46 INFO StandaloneAppClient$ClientEndpoint: Connecting to master spark://spark-master:7077...
[2024-10-21T22:11:46.039+0000] {spark_submit.py:649} INFO - 24/10/21 22:11:46 INFO TransportClientFactory: Successfully created connection to spark-master/172.19.0.4:7077 after 9 ms (0 ms spent in bootstraps)
[2024-10-21T22:11:46.072+0000] {spark_submit.py:649} INFO - 24/10/21 22:11:46 INFO StandaloneSchedulerBackend: Connected to Spark cluster with app ID app-20241021221146-0005
[2024-10-21T22:11:46.076+0000] {spark_submit.py:649} INFO - 24/10/21 22:11:46 INFO Utils: Successfully started service 'org.apache.spark.network.netty.NettyBlockTransferService' on port 33425.
[2024-10-21T22:11:46.076+0000] {spark_submit.py:649} INFO - 24/10/21 22:11:46 INFO NettyBlockTransferService: Server created on 17bb0edcf65f:33425
[2024-10-21T22:11:46.077+0000] {spark_submit.py:649} INFO - 24/10/21 22:11:46 INFO BlockManager: Using org.apache.spark.storage.RandomBlockReplicationPolicy for block replication policy
[2024-10-21T22:11:46.079+0000] {spark_submit.py:649} INFO - 24/10/21 22:11:46 INFO BlockManagerMaster: Registering BlockManager BlockManagerId(driver, 17bb0edcf65f, 33425, None)
[2024-10-21T22:11:46.080+0000] {spark_submit.py:649} INFO - 24/10/21 22:11:46 INFO BlockManagerMasterEndpoint: Registering block manager 17bb0edcf65f:33425 with 2.2 GiB RAM, BlockManagerId(driver, 17bb0edcf65f, 33425, None)
[2024-10-21T22:11:46.081+0000] {spark_submit.py:649} INFO - 24/10/21 22:11:46 INFO BlockManagerMaster: Registered BlockManager BlockManagerId(driver, 17bb0edcf65f, 33425, None)
[2024-10-21T22:11:46.085+0000] {spark_submit.py:649} INFO - 24/10/21 22:11:46 INFO BlockManager: Initialized BlockManager: BlockManagerId(driver, 17bb0edcf65f, 33425, None)
[2024-10-21T22:11:46.130+0000] {spark_submit.py:649} INFO - 24/10/21 22:11:46 INFO Utils: Using initial executors = 3, max of spark.dynamicAllocation.initialExecutors, spark.dynamicAllocation.minExecutors and spark.executor.instances
[2024-10-21T22:11:46.130+0000] {spark_submit.py:649} INFO - 24/10/21 22:11:46 INFO ExecutorAllocationManager: Dynamic allocation is enabled without a shuffle service.
[2024-10-21T22:11:46.144+0000] {spark_submit.py:649} INFO - 24/10/21 22:11:46 INFO StandaloneAppClient$ClientEndpoint: Executor added: app-20241021221146-0005/0 on worker-20241021220759-172.19.0.6-44775 (172.19.0.6:44775) with 2 core(s)
[2024-10-21T22:11:46.145+0000] {spark_submit.py:649} INFO - 24/10/21 22:11:46 INFO StandaloneSchedulerBackend: Granted executor ID app-20241021221146-0005/0 on hostPort 172.19.0.6:44775 with 2 core(s), 5.0 GiB RAM
[2024-10-21T22:11:46.161+0000] {spark_submit.py:649} INFO - 24/10/21 22:11:46 INFO StandaloneAppClient$ClientEndpoint: Executor updated: app-20241021221146-0005/0 is now RUNNING
[2024-10-21T22:11:46.173+0000] {spark_submit.py:649} INFO - 24/10/21 22:11:46 INFO StandaloneSchedulerBackend: SchedulerBackend is ready for scheduling beginning after reached minRegisteredResourcesRatio: 0.0
[2024-10-21T22:11:46.244+0000] {spark_submit.py:649} INFO - INFO:__main__:Spark session initialized.
[2024-10-21T22:11:46.245+0000] {spark_submit.py:649} INFO - INFO:__main__:Reading articles from: /opt/***/data/news_articles.json
[2024-10-21T22:11:46.273+0000] {spark_submit.py:649} INFO - 24/10/21 22:11:46 INFO SharedState: Setting hive.metastore.warehouse.dir ('null') to the value of spark.sql.warehouse.dir.
[2024-10-21T22:11:46.275+0000] {spark_submit.py:649} INFO - 24/10/21 22:11:46 INFO SharedState: Warehouse path is 'file:/opt/***/spark-warehouse'.
[2024-10-21T22:11:46.575+0000] {spark_submit.py:649} INFO - 24/10/21 22:11:46 INFO InMemoryFileIndex: It took 17 ms to list leaf files for 1 paths.
[2024-10-21T22:11:46.598+0000] {spark_submit.py:649} INFO - 24/10/21 22:11:46 INFO InMemoryFileIndex: It took 1 ms to list leaf files for 1 paths.
[2024-10-21T22:11:47.125+0000] {spark_submit.py:649} INFO - 24/10/21 22:11:47 INFO StandaloneSchedulerBackend$StandaloneDriverEndpoint: Registered executor NettyRpcEndpointRef(spark-client://Executor) (172.19.0.6:50736) with ID 0,  ResourceProfileId 0
[2024-10-21T22:11:47.128+0000] {spark_submit.py:649} INFO - 24/10/21 22:11:47 INFO ExecutorMonitor: New executor 0 has registered (new total is 1)
[2024-10-21T22:11:47.150+0000] {spark_submit.py:649} INFO - 24/10/21 22:11:47 INFO BlockManagerMasterEndpoint: Registering block manager 172.19.0.6:33093 with 2.8 GiB RAM, BlockManagerId(0, 172.19.0.6, 33093, None)
[2024-10-21T22:11:47.378+0000] {spark_submit.py:649} INFO - 24/10/21 22:11:47 INFO FileSourceStrategy: Pushed Filters:
[2024-10-21T22:11:47.379+0000] {spark_submit.py:649} INFO - 24/10/21 22:11:47 INFO FileSourceStrategy: Post-Scan Filters:
[2024-10-21T22:11:47.465+0000] {spark_submit.py:649} INFO - 24/10/21 22:11:47 INFO MemoryStore: Block broadcast_0 stored as values in memory (estimated size 201.4 KiB, free 2.2 GiB)
[2024-10-21T22:11:47.550+0000] {spark_submit.py:649} INFO - 24/10/21 22:11:47 INFO MemoryStore: Block broadcast_0_piece0 stored as bytes in memory (estimated size 34.7 KiB, free 2.2 GiB)
[2024-10-21T22:11:47.551+0000] {spark_submit.py:649} INFO - 24/10/21 22:11:47 INFO BlockManagerInfo: Added broadcast_0_piece0 in memory on 17bb0edcf65f:33425 (size: 34.7 KiB, free: 2.2 GiB)
[2024-10-21T22:11:47.553+0000] {spark_submit.py:649} INFO - 24/10/21 22:11:47 INFO SparkContext: Created broadcast 0 from json at NativeMethodAccessorImpl.java:0
[2024-10-21T22:11:47.557+0000] {spark_submit.py:649} INFO - 24/10/21 22:11:47 INFO FileSourceScanExec: Planning scan with bin packing, max size: 4194304 bytes, open cost is considered as scanning 4194304 bytes.
[2024-10-21T22:11:47.618+0000] {spark_submit.py:649} INFO - 24/10/21 22:11:47 INFO SparkContext: Starting job: json at NativeMethodAccessorImpl.java:0
[2024-10-21T22:11:47.628+0000] {spark_submit.py:649} INFO - 24/10/21 22:11:47 INFO DAGScheduler: Got job 0 (json at NativeMethodAccessorImpl.java:0) with 1 output partitions
[2024-10-21T22:11:47.629+0000] {spark_submit.py:649} INFO - 24/10/21 22:11:47 INFO DAGScheduler: Final stage: ResultStage 0 (json at NativeMethodAccessorImpl.java:0)
[2024-10-21T22:11:47.629+0000] {spark_submit.py:649} INFO - 24/10/21 22:11:47 INFO DAGScheduler: Parents of final stage: List()
[2024-10-21T22:11:47.629+0000] {spark_submit.py:649} INFO - 24/10/21 22:11:47 INFO DAGScheduler: Missing parents: List()
[2024-10-21T22:11:47.630+0000] {spark_submit.py:649} INFO - 24/10/21 22:11:47 INFO DAGScheduler: Submitting ResultStage 0 (MapPartitionsRDD[3] at json at NativeMethodAccessorImpl.java:0), which has no missing parents
[2024-10-21T22:11:47.659+0000] {spark_submit.py:649} INFO - 24/10/21 22:11:47 INFO MemoryStore: Block broadcast_1 stored as values in memory (estimated size 16.6 KiB, free 2.2 GiB)
[2024-10-21T22:11:47.660+0000] {spark_submit.py:649} INFO - 24/10/21 22:11:47 INFO MemoryStore: Block broadcast_1_piece0 stored as bytes in memory (estimated size 7.8 KiB, free 2.2 GiB)
[2024-10-21T22:11:47.661+0000] {spark_submit.py:649} INFO - 24/10/21 22:11:47 INFO BlockManagerInfo: Added broadcast_1_piece0 in memory on 17bb0edcf65f:33425 (size: 7.8 KiB, free: 2.2 GiB)
[2024-10-21T22:11:47.661+0000] {spark_submit.py:649} INFO - 24/10/21 22:11:47 INFO SparkContext: Created broadcast 1 from broadcast at DAGScheduler.scala:1585
[2024-10-21T22:11:47.667+0000] {spark_submit.py:649} INFO - 24/10/21 22:11:47 INFO DAGScheduler: Submitting 1 missing tasks from ResultStage 0 (MapPartitionsRDD[3] at json at NativeMethodAccessorImpl.java:0) (first 15 tasks are for partitions Vector(0))
[2024-10-21T22:11:47.668+0000] {spark_submit.py:649} INFO - 24/10/21 22:11:47 INFO TaskSchedulerImpl: Adding task set 0.0 with 1 tasks resource profile 0
[2024-10-21T22:11:47.677+0000] {spark_submit.py:649} INFO - 24/10/21 22:11:47 INFO TaskSetManager: Starting task 0.0 in stage 0.0 (TID 0) (172.19.0.6, executor 0, partition 0, PROCESS_LOCAL, 9609 bytes)
[2024-10-21T22:12:03.360+0000] {local_task_job_runner.py:127} ERROR - Received SIGTERM. Terminating subprocesses
[2024-10-21T22:12:03.368+0000] {process_utils.py:132} INFO - Sending 15 to group 922. PIDs of all processes in the group: [924, 982, 922]
[2024-10-21T22:12:03.369+0000] {process_utils.py:87} INFO - Sending the signal 15 to group 922
[2024-10-21T22:12:03.370+0000] {taskinstance.py:3092} ERROR - Received SIGTERM. Terminating subprocesses.
[2024-10-21T22:12:03.371+0000] {spark_submit.py:775} INFO - Sending kill signal to spark-submit
[2024-10-21T22:12:03.382+0000] {taskinstance.py:3310} ERROR - Task failed with exception
Traceback (most recent call last):
  File "/home/airflow/.local/lib/python3.8/site-packages/airflow/models/taskinstance.py", line 762, in _execute_task
    result = _execute_callable(context=context, **execute_callable_kwargs)
  File "/home/airflow/.local/lib/python3.8/site-packages/airflow/models/taskinstance.py", line 733, in _execute_callable
    return ExecutionCallableRunner(
  File "/home/airflow/.local/lib/python3.8/site-packages/airflow/utils/operator_helpers.py", line 252, in run
    return self.func(*args, **kwargs)
  File "/home/airflow/.local/lib/python3.8/site-packages/airflow/models/baseoperator.py", line 406, in wrapper
    return func(self, *args, **kwargs)
  File "/home/airflow/.local/lib/python3.8/site-packages/airflow/providers/apache/spark/operators/spark_submit.py", line 176, in execute
    self._hook.submit(self.application)
  File "/home/airflow/.local/lib/python3.8/site-packages/airflow/providers/apache/spark/hooks/spark_submit.py", line 563, in submit
    self._process_spark_submit_log(iter(self._submit_sp.stdout))  # type: ignore
  File "/home/airflow/.local/lib/python3.8/site-packages/airflow/providers/apache/spark/hooks/spark_submit.py", line 612, in _process_spark_submit_log
    for line in itr:
  File "/home/airflow/.local/lib/python3.8/site-packages/airflow/models/taskinstance.py", line 3094, in signal_handler
    raise AirflowTaskTerminated("Task received SIGTERM signal")
airflow.exceptions.AirflowTaskTerminated: Task received SIGTERM signal
[2024-10-21T22:12:03.387+0000] {process_utils.py:80} INFO - Process psutil.Process(pid=982, status='terminated', started='22:11:44') (982) terminated with exit code None
[2024-10-21T22:12:03.391+0000] {taskinstance.py:1225} INFO - Marking task as UP_FOR_RETRY. dag_id=newsapi_etl_with_spark, task_id=spark_submit_task, run_id=scheduled__2024-10-20T00:00:00+00:00, execution_date=20241020T000000, start_date=20241021T221144, end_date=20241021T221203
[2024-10-21T22:12:03.406+0000] {taskinstance.py:340} INFO - ::group::Post task execution logs
[2024-10-21T22:12:03.434+0000] {process_utils.py:80} INFO - Process psutil.Process(pid=924, status='terminated', started='22:11:43') (924) terminated with exit code None
[2024-10-21T22:12:03.435+0000] {process_utils.py:80} INFO - Process psutil.Process(pid=922, status='terminated', exitcode=2, started='22:11:43') (922) terminated with exit code 2
[2024-10-21T22:12:03.435+0000] {local_task_job_runner.py:266} INFO - Task exited with return code 143
[2024-10-21T22:12:03.451+0000] {taskinstance.py:3900} INFO - 0 downstream tasks scheduled from follow-on schedule check
[2024-10-21T22:12:04.315+0000] {standard_task_runner.py:217} INFO - Process not found (most likely exited), stop collecting metrics
[2024-10-21T22:12:04.386+0000] {local_task_job_runner.py:245} INFO - ::endgroup::
